08-Dec-2021 01:45:19.468 INFO [main] org.apache.catalina.startup.VersionLoggerListener.log Server version name:   Apache Tomcat/8.5.73
08-Dec-2021 01:45:19.478 INFO [main] org.apache.catalina.startup.VersionLoggerListener.log Server built:          Nov 11 2021 13:14:36 UTC
08-Dec-2021 01:45:19.478 INFO [main] org.apache.catalina.startup.VersionLoggerListener.log Server version number: 8.5.73.0
08-Dec-2021 01:45:19.478 INFO [main] org.apache.catalina.startup.VersionLoggerListener.log OS Name:               Windows 10
08-Dec-2021 01:45:19.478 INFO [main] org.apache.catalina.startup.VersionLoggerListener.log Версия ОС:             10.0
08-Dec-2021 01:45:19.478 INFO [main] org.apache.catalina.startup.VersionLoggerListener.log Архитектура:           amd64
08-Dec-2021 01:45:19.478 INFO [main] org.apache.catalina.startup.VersionLoggerListener.log Java Home:             C:\Program Files\Java\jdk-12.0.2
08-Dec-2021 01:45:19.478 INFO [main] org.apache.catalina.startup.VersionLoggerListener.log Версия JVM:            12+33
08-Dec-2021 01:45:19.478 INFO [main] org.apache.catalina.startup.VersionLoggerListener.log JVM Vendor:            Oracle Corporation
08-Dec-2021 01:45:19.478 INFO [main] org.apache.catalina.startup.VersionLoggerListener.log CATALINA_BASE:         C:\Users\Lenovo\Desktop\WEB\apache-tomcat-8.5.73
08-Dec-2021 01:45:19.478 INFO [main] org.apache.catalina.startup.VersionLoggerListener.log CATALINA_HOME:         C:\Users\Lenovo\Desktop\WEB\apache-tomcat-8.5.73
08-Dec-2021 01:45:19.478 INFO [main] org.apache.catalina.startup.VersionLoggerListener.log Command line argument: --add-opens=java.base/java.lang=ALL-UNNAMED
08-Dec-2021 01:45:19.478 INFO [main] org.apache.catalina.startup.VersionLoggerListener.log Command line argument: --add-opens=java.base/java.io=ALL-UNNAMED
08-Dec-2021 01:45:19.478 INFO [main] org.apache.catalina.startup.VersionLoggerListener.log Command line argument: --add-opens=java.base/java.util=ALL-UNNAMED
08-Dec-2021 01:45:19.478 INFO [main] org.apache.catalina.startup.VersionLoggerListener.log Command line argument: --add-opens=java.base/java.util.concurrent=ALL-UNNAMED
08-Dec-2021 01:45:19.478 INFO [main] org.apache.catalina.startup.VersionLoggerListener.log Command line argument: --add-opens=java.rmi/sun.rmi.transport=ALL-UNNAMED
08-Dec-2021 01:45:19.478 INFO [main] org.apache.catalina.startup.VersionLoggerListener.log Command line argument: -Djava.util.logging.config.file=C:\Users\Lenovo\Desktop\WEB\apache-tomcat-8.5.73\conf\logging.properties
08-Dec-2021 01:45:19.478 INFO [main] org.apache.catalina.startup.VersionLoggerListener.log Command line argument: -Djava.util.logging.manager=org.apache.juli.ClassLoaderLogManager
08-Dec-2021 01:45:19.478 INFO [main] org.apache.catalina.startup.VersionLoggerListener.log Command line argument: -Dhttp.nonProxyHosts=localhost|127.0.0.1|DESKTOP-9VNKMU9
08-Dec-2021 01:45:19.478 INFO [main] org.apache.catalina.startup.VersionLoggerListener.log Command line argument: -Djdk.tls.ephemeralDHKeySize=2048
08-Dec-2021 01:45:19.478 INFO [main] org.apache.catalina.startup.VersionLoggerListener.log Command line argument: -Djava.protocol.handler.pkgs=org.apache.catalina.webresources
08-Dec-2021 01:45:19.478 INFO [main] org.apache.catalina.startup.VersionLoggerListener.log Command line argument: -Dignore.endorsed.dirs=
08-Dec-2021 01:45:19.478 INFO [main] org.apache.catalina.startup.VersionLoggerListener.log Command line argument: -Dcatalina.base=C:\Users\Lenovo\Desktop\WEB\apache-tomcat-8.5.73
08-Dec-2021 01:45:19.478 INFO [main] org.apache.catalina.startup.VersionLoggerListener.log Command line argument: -Dcatalina.home=C:\Users\Lenovo\Desktop\WEB\apache-tomcat-8.5.73
08-Dec-2021 01:45:19.478 INFO [main] org.apache.catalina.startup.VersionLoggerListener.log Command line argument: -Djava.io.tmpdir=C:\Users\Lenovo\Desktop\WEB\apache-tomcat-8.5.73\temp
08-Dec-2021 01:45:19.478 INFO [main] org.apache.catalina.core.AprLifecycleListener.lifecycleEvent Loaded Apache Tomcat Native library [1.2.31] using APR version [1.7.0].
08-Dec-2021 01:45:19.478 INFO [main] org.apache.catalina.core.AprLifecycleListener.lifecycleEvent APR capabilities: IPv6 [true], sendfile [true], accept filters [false], random [true], UDS [{4}].
08-Dec-2021 01:45:19.598 INFO [main] org.apache.catalina.core.AprLifecycleListener.lifecycleEvent APR/OpenSSL configuration: useAprConnector [false], useOpenSSL [true]
08-Dec-2021 01:45:19.688 INFO [main] org.apache.catalina.core.AprLifecycleListener.initializeSSL OpenSSL successfully initialized [OpenSSL 1.1.1l  24 Aug 2021]
08-Dec-2021 01:45:19.768 INFO [main] org.apache.coyote.AbstractProtocol.init Initializing ProtocolHandler ["http-nio-8080"]
08-Dec-2021 01:45:20.038 INFO [main] org.apache.tomcat.util.net.NioSelectorPool.getSharedSelector Using a shared selector for servlet write/read
08-Dec-2021 01:45:20.058 INFO [main] org.apache.catalina.startup.Catalina.load Initialization processed in 1216 ms
08-Dec-2021 01:45:20.138 INFO [main] org.apache.catalina.core.StandardService.startInternal Starting service [Catalina]
08-Dec-2021 01:45:20.138 INFO [main] org.apache.catalina.core.StandardEngine.startInternal Starting Servlet engine: [Apache Tomcat/8.5.73]
08-Dec-2021 01:45:20.148 INFO [localhost-startStop-1] org.apache.catalina.startup.HostConfig.deployDescriptor Deploying deployment descriptor [C:\Users\Lenovo\Desktop\WEB\apache-tomcat-8.5.73\conf\Catalina\localhost\WEB4.xml]
08-Dec-2021 01:45:21.203 INFO [localhost-startStop-1] org.apache.jasper.servlet.TldScanner.scanJars At least one JAR was scanned for TLDs yet contained no TLDs. Enable debug logging for this logger for a complete list of JARs that were scanned but no TLDs were found in them. Skipping unneeded JARs during scanning can improve startup time and JSP compilation time.
08-Dec-2021 01:45:21.423 WARNING [localhost-startStop-1] org.apache.catalina.util.SessionIdGeneratorBase.createSecureRandom Creation of SecureRandom instance for session ID generation using [SHA1PRNG] took [150] milliseconds.
08-Dec-2021 01:45:21.473 INFO [localhost-startStop-1] org.apache.catalina.startup.HostConfig.deployDescriptor Deployment of deployment descriptor [C:\Users\Lenovo\Desktop\WEB\apache-tomcat-8.5.73\conf\Catalina\localhost\WEB4.xml] has finished in [1 325] ms
08-Dec-2021 01:45:21.473 INFO [localhost-startStop-1] org.apache.catalina.startup.HostConfig.deployDirectory Установка веб приложения в папку [C:\Users\Lenovo\Desktop\WEB\apache-tomcat-8.5.73\webapps\docs]
08-Dec-2021 01:45:21.543 INFO [localhost-startStop-1] org.apache.catalina.startup.HostConfig.deployDirectory Deployment of web application directory [C:\Users\Lenovo\Desktop\WEB\apache-tomcat-8.5.73\webapps\docs] has finished in [70] ms
08-Dec-2021 01:45:21.543 INFO [localhost-startStop-1] org.apache.catalina.startup.HostConfig.deployDirectory Установка веб приложения в папку [C:\Users\Lenovo\Desktop\WEB\apache-tomcat-8.5.73\webapps\examples]
08-Dec-2021 01:45:22.643 INFO [localhost-startStop-1] org.apache.catalina.startup.HostConfig.deployDirectory Deployment of web application directory [C:\Users\Lenovo\Desktop\WEB\apache-tomcat-8.5.73\webapps\examples] has finished in [1 100] ms
08-Dec-2021 01:45:22.643 INFO [localhost-startStop-1] org.apache.catalina.startup.HostConfig.deployDirectory Установка веб приложения в папку [C:\Users\Lenovo\Desktop\WEB\apache-tomcat-8.5.73\webapps\host-manager]
08-Dec-2021 01:45:22.753 INFO [localhost-startStop-1] org.apache.catalina.startup.HostConfig.deployDirectory Deployment of web application directory [C:\Users\Lenovo\Desktop\WEB\apache-tomcat-8.5.73\webapps\host-manager] has finished in [110] ms
08-Dec-2021 01:45:22.753 INFO [localhost-startStop-1] org.apache.catalina.startup.HostConfig.deployDirectory Установка веб приложения в папку [C:\Users\Lenovo\Desktop\WEB\apache-tomcat-8.5.73\webapps\manager]
08-Dec-2021 01:45:22.863 INFO [localhost-startStop-1] org.apache.catalina.startup.HostConfig.deployDirectory Deployment of web application directory [C:\Users\Lenovo\Desktop\WEB\apache-tomcat-8.5.73\webapps\manager] has finished in [110] ms
08-Dec-2021 01:45:22.863 INFO [localhost-startStop-1] org.apache.catalina.startup.HostConfig.deployDirectory Установка веб приложения в папку [C:\Users\Lenovo\Desktop\WEB\apache-tomcat-8.5.73\webapps\ROOT]
08-Dec-2021 01:45:22.953 INFO [localhost-startStop-1] org.apache.catalina.startup.HostConfig.deployDirectory Deployment of web application directory [C:\Users\Lenovo\Desktop\WEB\apache-tomcat-8.5.73\webapps\ROOT] has finished in [90] ms
08-Dec-2021 01:45:22.953 INFO [main] org.apache.coyote.AbstractProtocol.start Starting ProtocolHandler ["http-nio-8080"]
08-Dec-2021 01:45:22.993 INFO [main] org.apache.catalina.startup.Catalina.start Server startup in 2939 ms
08-Dec-2021 01:45:26.201 INFO [http-nio-8080-exec-2] org.apache.catalina.startup.HostConfig.undeploy Undeploying context [/WEB4]
08-Dec-2021 01:45:26.331 INFO [http-nio-8080-exec-10] org.apache.catalina.startup.HostConfig.deployDescriptor Deploying deployment descriptor [C:\Users\Lenovo\Desktop\WEB\apache-tomcat-8.5.73\conf\Catalina\localhost\WEB4.xml]
08-Dec-2021 01:45:26.760 INFO [http-nio-8080-exec-10] org.apache.jasper.servlet.TldScanner.scanJars At least one JAR was scanned for TLDs yet contained no TLDs. Enable debug logging for this logger for a complete list of JARs that were scanned but no TLDs were found in them. Skipping unneeded JARs during scanning can improve startup time and JSP compilation time.
08-Dec-2021 01:45:26.780 INFO [http-nio-8080-exec-10] org.apache.catalina.startup.HostConfig.deployDescriptor Deployment of deployment descriptor [C:\Users\Lenovo\Desktop\WEB\apache-tomcat-8.5.73\conf\Catalina\localhost\WEB4.xml] has finished in [449] ms
08-Dec-2021 01:45:26.780 INFO [http-nio-8080-exec-5] org.apache.catalina.util.LifecycleBase.start The start() method was called on component [StandardEngine[Catalina].StandardHost[localhost].StandardContext[/WEB4]] after start() had already been called. The second call will be ignored.
08-Dec-2021 01:46:59.422 INFO [main] org.apache.catalina.core.StandardServer.await A valid shutdown command was received via the shutdown port. Stopping the Server instance.
08-Dec-2021 01:46:59.422 INFO [main] org.apache.coyote.AbstractProtocol.pause Pausing ProtocolHandler ["http-nio-8080"]
08-Dec-2021 01:46:59.626 INFO [main] org.apache.catalina.core.StandardService.stopInternal Stopping service [Catalina]
08-Dec-2021 01:46:59.636 WARNING [localhost-startStop-2] org.apache.catalina.loader.WebappClassLoaderBase.clearReferencesJdbc The web application [WEB4] registered the JDBC driver [com.mysql.cj.jdbc.Driver] but failed to unregister it when the web application was stopped. To prevent a memory leak, the JDBC Driver has been forcibly unregistered.
08-Dec-2021 01:46:59.636 WARNING [localhost-startStop-2] org.apache.catalina.loader.WebappClassLoaderBase.clearReferencesThreads The web application [WEB4] appears to have started a thread named [mysql-cj-abandoned-connection-cleanup] but has failed to stop it. This is very likely to create a memory leak. Stack trace of thread:
 java.base@12/java.lang.Object.wait(Native Method)
 java.base@12/java.lang.ref.ReferenceQueue.remove(ReferenceQueue.java:155)
 com.mysql.cj.jdbc.AbandonedConnectionCleanupThread.run(AbandonedConnectionCleanupThread.java:91)
 java.base@12/java.util.concurrent.ThreadPoolExecutor.runWorker(ThreadPoolExecutor.java:1128)
 java.base@12/java.util.concurrent.ThreadPoolExecutor$Worker.run(ThreadPoolExecutor.java:628)
 java.base@12/java.lang.Thread.run(Thread.java:835)
08-Dec-2021 01:46:59.646 INFO [main] org.apache.coyote.AbstractProtocol.stop Stopping ProtocolHandler ["http-nio-8080"]
08-Dec-2021 01:46:59.656 INFO [main] org.apache.coyote.AbstractProtocol.destroy Destroying ProtocolHandler ["http-nio-8080"]
08-Dec-2021 01:47:07.121 INFO [main] org.apache.catalina.startup.VersionLoggerListener.log Server version name:   Apache Tomcat/8.5.73
08-Dec-2021 01:47:07.121 INFO [main] org.apache.catalina.startup.VersionLoggerListener.log Server built:          Nov 11 2021 13:14:36 UTC
08-Dec-2021 01:47:07.121 INFO [main] org.apache.catalina.startup.VersionLoggerListener.log Server version number: 8.5.73.0
08-Dec-2021 01:47:07.121 INFO [main] org.apache.catalina.startup.VersionLoggerListener.log OS Name:               Windows 10
08-Dec-2021 01:47:07.121 INFO [main] org.apache.catalina.startup.VersionLoggerListener.log Версия ОС:             10.0
08-Dec-2021 01:47:07.121 INFO [main] org.apache.catalina.startup.VersionLoggerListener.log Архитектура:           amd64
08-Dec-2021 01:47:07.121 INFO [main] org.apache.catalina.startup.VersionLoggerListener.log Java Home:             C:\Program Files\Java\jdk-12.0.2
08-Dec-2021 01:47:07.121 INFO [main] org.apache.catalina.startup.VersionLoggerListener.log Версия JVM:            12+33
08-Dec-2021 01:47:07.121 INFO [main] org.apache.catalina.startup.VersionLoggerListener.log JVM Vendor:            Oracle Corporation
08-Dec-2021 01:47:07.121 INFO [main] org.apache.catalina.startup.VersionLoggerListener.log CATALINA_BASE:         C:\Users\Lenovo\Desktop\WEB\apache-tomcat-8.5.73
08-Dec-2021 01:47:07.121 INFO [main] org.apache.catalina.startup.VersionLoggerListener.log CATALINA_HOME:         C:\Users\Lenovo\Desktop\WEB\apache-tomcat-8.5.73
08-Dec-2021 01:47:07.121 INFO [main] org.apache.catalina.startup.VersionLoggerListener.log Command line argument: --add-opens=java.base/java.lang=ALL-UNNAMED
08-Dec-2021 01:47:07.121 INFO [main] org.apache.catalina.startup.VersionLoggerListener.log Command line argument: --add-opens=java.base/java.io=ALL-UNNAMED
08-Dec-2021 01:47:07.131 INFO [main] org.apache.catalina.startup.VersionLoggerListener.log Command line argument: --add-opens=java.base/java.util=ALL-UNNAMED
08-Dec-2021 01:47:07.131 INFO [main] org.apache.catalina.startup.VersionLoggerListener.log Command line argument: --add-opens=java.base/java.util.concurrent=ALL-UNNAMED
08-Dec-2021 01:47:07.131 INFO [main] org.apache.catalina.startup.VersionLoggerListener.log Command line argument: --add-opens=java.rmi/sun.rmi.transport=ALL-UNNAMED
08-Dec-2021 01:47:07.131 INFO [main] org.apache.catalina.startup.VersionLoggerListener.log Command line argument: -Djava.util.logging.config.file=C:\Users\Lenovo\Desktop\WEB\apache-tomcat-8.5.73\conf\logging.properties
08-Dec-2021 01:47:07.131 INFO [main] org.apache.catalina.startup.VersionLoggerListener.log Command line argument: -Djava.util.logging.manager=org.apache.juli.ClassLoaderLogManager
08-Dec-2021 01:47:07.131 INFO [main] org.apache.catalina.startup.VersionLoggerListener.log Command line argument: -Dhttp.nonProxyHosts=localhost|127.0.0.1|DESKTOP-9VNKMU9
08-Dec-2021 01:47:07.131 INFO [main] org.apache.catalina.startup.VersionLoggerListener.log Command line argument: -Djdk.tls.ephemeralDHKeySize=2048
08-Dec-2021 01:47:07.131 INFO [main] org.apache.catalina.startup.VersionLoggerListener.log Command line argument: -Djava.protocol.handler.pkgs=org.apache.catalina.webresources
08-Dec-2021 01:47:07.131 INFO [main] org.apache.catalina.startup.VersionLoggerListener.log Command line argument: -agentlib:jdwp=transport=dt_shmem,address=tomcat_shared_memory_id,server=y,suspend=n
08-Dec-2021 01:47:07.131 INFO [main] org.apache.catalina.startup.VersionLoggerListener.log Command line argument: -Dignore.endorsed.dirs=
08-Dec-2021 01:47:07.131 INFO [main] org.apache.catalina.startup.VersionLoggerListener.log Command line argument: -Dcatalina.base=C:\Users\Lenovo\Desktop\WEB\apache-tomcat-8.5.73
08-Dec-2021 01:47:07.131 INFO [main] org.apache.catalina.startup.VersionLoggerListener.log Command line argument: -Dcatalina.home=C:\Users\Lenovo\Desktop\WEB\apache-tomcat-8.5.73
08-Dec-2021 01:47:07.131 INFO [main] org.apache.catalina.startup.VersionLoggerListener.log Command line argument: -Djava.io.tmpdir=C:\Users\Lenovo\Desktop\WEB\apache-tomcat-8.5.73\temp
08-Dec-2021 01:47:07.131 INFO [main] org.apache.catalina.core.AprLifecycleListener.lifecycleEvent Loaded Apache Tomcat Native library [1.2.31] using APR version [1.7.0].
08-Dec-2021 01:47:07.131 INFO [main] org.apache.catalina.core.AprLifecycleListener.lifecycleEvent APR capabilities: IPv6 [true], sendfile [true], accept filters [false], random [true], UDS [{4}].
08-Dec-2021 01:47:07.131 INFO [main] org.apache.catalina.core.AprLifecycleListener.lifecycleEvent APR/OpenSSL configuration: useAprConnector [false], useOpenSSL [true]
08-Dec-2021 01:47:07.131 INFO [main] org.apache.catalina.core.AprLifecycleListener.initializeSSL OpenSSL successfully initialized [OpenSSL 1.1.1l  24 Aug 2021]
08-Dec-2021 01:47:07.191 INFO [main] org.apache.coyote.AbstractProtocol.init Initializing ProtocolHandler ["http-nio-8080"]
08-Dec-2021 01:47:07.371 INFO [main] org.apache.tomcat.util.net.NioSelectorPool.getSharedSelector Using a shared selector for servlet write/read
08-Dec-2021 01:47:07.381 INFO [main] org.apache.catalina.startup.Catalina.load Initialization processed in 668 ms
08-Dec-2021 01:47:07.441 INFO [main] org.apache.catalina.core.StandardService.startInternal Starting service [Catalina]
08-Dec-2021 01:47:07.441 INFO [main] org.apache.catalina.core.StandardEngine.startInternal Starting Servlet engine: [Apache Tomcat/8.5.73]
08-Dec-2021 01:47:07.451 INFO [localhost-startStop-1] org.apache.catalina.startup.HostConfig.deployDescriptor Deploying deployment descriptor [C:\Users\Lenovo\Desktop\WEB\apache-tomcat-8.5.73\conf\Catalina\localhost\WEB4.xml]
08-Dec-2021 01:47:08.241 INFO [localhost-startStop-1] org.apache.jasper.servlet.TldScanner.scanJars At least one JAR was scanned for TLDs yet contained no TLDs. Enable debug logging for this logger for a complete list of JARs that were scanned but no TLDs were found in them. Skipping unneeded JARs during scanning can improve startup time and JSP compilation time.
08-Dec-2021 01:47:08.441 WARNING [localhost-startStop-1] org.apache.catalina.util.SessionIdGeneratorBase.createSecureRandom Creation of SecureRandom instance for session ID generation using [SHA1PRNG] took [150] milliseconds.
08-Dec-2021 01:47:08.461 INFO [localhost-startStop-1] org.apache.catalina.startup.HostConfig.deployDescriptor Deployment of deployment descriptor [C:\Users\Lenovo\Desktop\WEB\apache-tomcat-8.5.73\conf\Catalina\localhost\WEB4.xml] has finished in [1 010] ms
08-Dec-2021 01:47:08.471 INFO [localhost-startStop-1] org.apache.catalina.startup.HostConfig.deployDirectory Установка веб приложения в папку [C:\Users\Lenovo\Desktop\WEB\apache-tomcat-8.5.73\webapps\docs]
08-Dec-2021 01:47:08.491 INFO [localhost-startStop-1] org.apache.catalina.startup.HostConfig.deployDirectory Deployment of web application directory [C:\Users\Lenovo\Desktop\WEB\apache-tomcat-8.5.73\webapps\docs] has finished in [20] ms
08-Dec-2021 01:47:08.491 INFO [localhost-startStop-1] org.apache.catalina.startup.HostConfig.deployDirectory Установка веб приложения в папку [C:\Users\Lenovo\Desktop\WEB\apache-tomcat-8.5.73\webapps\examples]
08-Dec-2021 01:47:08.821 INFO [localhost-startStop-1] org.apache.catalina.startup.HostConfig.deployDirectory Deployment of web application directory [C:\Users\Lenovo\Desktop\WEB\apache-tomcat-8.5.73\webapps\examples] has finished in [330] ms
08-Dec-2021 01:47:08.821 INFO [localhost-startStop-1] org.apache.catalina.startup.HostConfig.deployDirectory Установка веб приложения в папку [C:\Users\Lenovo\Desktop\WEB\apache-tomcat-8.5.73\webapps\host-manager]
08-Dec-2021 01:47:08.861 INFO [localhost-startStop-1] org.apache.catalina.startup.HostConfig.deployDirectory Deployment of web application directory [C:\Users\Lenovo\Desktop\WEB\apache-tomcat-8.5.73\webapps\host-manager] has finished in [40] ms
08-Dec-2021 01:47:08.861 INFO [localhost-startStop-1] org.apache.catalina.startup.HostConfig.deployDirectory Установка веб приложения в папку [C:\Users\Lenovo\Desktop\WEB\apache-tomcat-8.5.73\webapps\manager]
08-Dec-2021 01:47:08.911 INFO [localhost-startStop-1] org.apache.catalina.startup.HostConfig.deployDirectory Deployment of web application directory [C:\Users\Lenovo\Desktop\WEB\apache-tomcat-8.5.73\webapps\manager] has finished in [50] ms
08-Dec-2021 01:47:08.911 INFO [localhost-startStop-1] org.apache.catalina.startup.HostConfig.deployDirectory Установка веб приложения в папку [C:\Users\Lenovo\Desktop\WEB\apache-tomcat-8.5.73\webapps\ROOT]
08-Dec-2021 01:47:08.931 INFO [localhost-startStop-1] org.apache.catalina.startup.HostConfig.deployDirectory Deployment of web application directory [C:\Users\Lenovo\Desktop\WEB\apache-tomcat-8.5.73\webapps\ROOT] has finished in [20] ms
08-Dec-2021 01:47:08.941 INFO [main] org.apache.coyote.AbstractProtocol.start Starting ProtocolHandler ["http-nio-8080"]
08-Dec-2021 01:47:08.951 INFO [main] org.apache.catalina.startup.Catalina.start Server startup in 1568 ms
08-Dec-2021 01:47:10.791 INFO [http-nio-8080-exec-5] org.apache.catalina.startup.HostConfig.undeploy Undeploying context [/WEB4]
08-Dec-2021 01:47:10.811 INFO [http-nio-8080-exec-8] org.apache.catalina.startup.HostConfig.deployDescriptor Deploying deployment descriptor [C:\Users\Lenovo\Desktop\WEB\apache-tomcat-8.5.73\conf\Catalina\localhost\WEB4.xml]
08-Dec-2021 01:47:11.251 INFO [http-nio-8080-exec-8] org.apache.jasper.servlet.TldScanner.scanJars At least one JAR was scanned for TLDs yet contained no TLDs. Enable debug logging for this logger for a complete list of JARs that were scanned but no TLDs were found in them. Skipping unneeded JARs during scanning can improve startup time and JSP compilation time.
08-Dec-2021 01:47:11.271 INFO [http-nio-8080-exec-8] org.apache.catalina.startup.HostConfig.deployDescriptor Deployment of deployment descriptor [C:\Users\Lenovo\Desktop\WEB\apache-tomcat-8.5.73\conf\Catalina\localhost\WEB4.xml] has finished in [460] ms
08-Dec-2021 01:47:11.281 INFO [http-nio-8080-exec-9] org.apache.catalina.util.LifecycleBase.start The start() method was called on component [StandardEngine[Catalina].StandardHost[localhost].StandardContext[/WEB4]] after start() had already been called. The second call will be ignored.
08-Dec-2021 01:49:38.489 WARNING [http-nio-8080-exec-14] org.apache.catalina.loader.WebappClassLoaderBase.clearReferencesJdbc The web application [WEB4] registered the JDBC driver [com.mysql.cj.jdbc.Driver] but failed to unregister it when the web application was stopped. To prevent a memory leak, the JDBC Driver has been forcibly unregistered.
08-Dec-2021 01:49:38.489 WARNING [http-nio-8080-exec-14] org.apache.catalina.loader.WebappClassLoaderBase.clearReferencesThreads The web application [WEB4] appears to have started a thread named [mysql-cj-abandoned-connection-cleanup] but has failed to stop it. This is very likely to create a memory leak. Stack trace of thread:
 java.base@12/java.lang.Object.wait(Native Method)
 java.base@12/java.lang.ref.ReferenceQueue.remove(ReferenceQueue.java:155)
 com.mysql.cj.jdbc.AbandonedConnectionCleanupThread.run(AbandonedConnectionCleanupThread.java:91)
 java.base@12/java.util.concurrent.ThreadPoolExecutor.runWorker(ThreadPoolExecutor.java:1128)
 java.base@12/java.util.concurrent.ThreadPoolExecutor$Worker.run(ThreadPoolExecutor.java:628)
 java.base@12/java.lang.Thread.run(Thread.java:835)
08-Dec-2021 01:49:39.000 INFO [http-nio-8080-exec-14] org.apache.catalina.startup.HostConfig.undeploy Undeploying context [/WEB4]
08-Dec-2021 01:49:39.019 INFO [http-nio-8080-exec-17] org.apache.catalina.startup.HostConfig.deployDescriptor Deploying deployment descriptor [C:\Users\Lenovo\Desktop\WEB\apache-tomcat-8.5.73\conf\Catalina\localhost\WEB4.xml]
08-Dec-2021 01:49:39.229 INFO [mysql-cj-abandoned-connection-cleanup] org.apache.catalina.loader.WebappClassLoaderBase.checkStateForResourceLoading Illegal access: this web application instance has been stopped already. Could not load [com.mysql.cj.protocol.ExportControlled]. The following stack trace is thrown for debugging purposes as well as to attempt to terminate the thread which caused the illegal access.
	java.lang.IllegalStateException: Illegal access: this web application instance has been stopped already. Could not load [com.mysql.cj.protocol.ExportControlled]. The following stack trace is thrown for debugging purposes as well as to attempt to terminate the thread which caused the illegal access.
		at org.apache.catalina.loader.WebappClassLoaderBase.checkStateForResourceLoading(WebappClassLoaderBase.java:1435)
		at org.apache.catalina.loader.WebappClassLoaderBase.checkStateForClassLoading(WebappClassLoaderBase.java:1423)
		at org.apache.catalina.loader.WebappClassLoaderBase.loadClass(WebappClassLoaderBase.java:1262)
		at org.apache.catalina.loader.WebappClassLoaderBase.loadClass(WebappClassLoaderBase.java:1223)
		at com.mysql.cj.protocol.NetworkResources.forceClose(NetworkResources.java:53)
		at com.mysql.cj.jdbc.AbandonedConnectionCleanupThread$ConnectionFinalizerPhantomReference.finalizeResources(AbandonedConnectionCleanupThread.java:248)
		at com.mysql.cj.jdbc.AbandonedConnectionCleanupThread.finalizeResource(AbandonedConnectionCleanupThread.java:226)
		at com.mysql.cj.jdbc.AbandonedConnectionCleanupThread.run(AbandonedConnectionCleanupThread.java:93)
		at java.base/java.util.concurrent.ThreadPoolExecutor.runWorker(ThreadPoolExecutor.java:1128)
		at java.base/java.util.concurrent.ThreadPoolExecutor$Worker.run(ThreadPoolExecutor.java:628)
		at java.base/java.lang.Thread.run(Thread.java:835)
08-Dec-2021 01:49:39.509 INFO [http-nio-8080-exec-17] org.apache.jasper.servlet.TldScanner.scanJars At least one JAR was scanned for TLDs yet contained no TLDs. Enable debug logging for this logger for a complete list of JARs that were scanned but no TLDs were found in them. Skipping unneeded JARs during scanning can improve startup time and JSP compilation time.
08-Dec-2021 01:49:39.529 INFO [http-nio-8080-exec-17] org.apache.catalina.startup.HostConfig.deployDescriptor Deployment of deployment descriptor [C:\Users\Lenovo\Desktop\WEB\apache-tomcat-8.5.73\conf\Catalina\localhost\WEB4.xml] has finished in [510] ms
08-Dec-2021 01:49:39.529 INFO [http-nio-8080-exec-19] org.apache.catalina.util.LifecycleBase.start The start() method was called on component [StandardEngine[Catalina].StandardHost[localhost].StandardContext[/WEB4]] after start() had already been called. The second call will be ignored.
08-Dec-2021 01:51:57.000 WARNING [http-nio-8080-exec-27] org.apache.catalina.loader.WebappClassLoaderBase.clearReferencesJdbc The web application [WEB4] registered the JDBC driver [com.mysql.cj.jdbc.Driver] but failed to unregister it when the web application was stopped. To prevent a memory leak, the JDBC Driver has been forcibly unregistered.
08-Dec-2021 01:51:57.000 WARNING [http-nio-8080-exec-27] org.apache.catalina.loader.WebappClassLoaderBase.clearReferencesThreads The web application [WEB4] appears to have started a thread named [mysql-cj-abandoned-connection-cleanup] but has failed to stop it. This is very likely to create a memory leak. Stack trace of thread:
 java.base@12/java.lang.Object.wait(Native Method)
 java.base@12/java.lang.ref.ReferenceQueue.remove(ReferenceQueue.java:155)
 com.mysql.cj.jdbc.AbandonedConnectionCleanupThread.run(AbandonedConnectionCleanupThread.java:91)
 java.base@12/java.util.concurrent.ThreadPoolExecutor.runWorker(ThreadPoolExecutor.java:1128)
 java.base@12/java.util.concurrent.ThreadPoolExecutor$Worker.run(ThreadPoolExecutor.java:628)
 java.base@12/java.lang.Thread.run(Thread.java:835)
08-Dec-2021 01:51:57.516 INFO [http-nio-8080-exec-27] org.apache.catalina.startup.HostConfig.undeploy Undeploying context [/WEB4]
08-Dec-2021 01:51:57.525 INFO [http-nio-8080-exec-29] org.apache.catalina.startup.HostConfig.deployDescriptor Deploying deployment descriptor [C:\Users\Lenovo\Desktop\WEB\apache-tomcat-8.5.73\conf\Catalina\localhost\WEB4.xml]
08-Dec-2021 01:51:57.655 INFO [mysql-cj-abandoned-connection-cleanup] org.apache.catalina.loader.WebappClassLoaderBase.checkStateForResourceLoading Illegal access: this web application instance has been stopped already. Could not load [com.mysql.cj.protocol.ExportControlled]. The following stack trace is thrown for debugging purposes as well as to attempt to terminate the thread which caused the illegal access.
	java.lang.IllegalStateException: Illegal access: this web application instance has been stopped already. Could not load [com.mysql.cj.protocol.ExportControlled]. The following stack trace is thrown for debugging purposes as well as to attempt to terminate the thread which caused the illegal access.
		at org.apache.catalina.loader.WebappClassLoaderBase.checkStateForResourceLoading(WebappClassLoaderBase.java:1435)
		at org.apache.catalina.loader.WebappClassLoaderBase.checkStateForClassLoading(WebappClassLoaderBase.java:1423)
		at org.apache.catalina.loader.WebappClassLoaderBase.loadClass(WebappClassLoaderBase.java:1262)
		at org.apache.catalina.loader.WebappClassLoaderBase.loadClass(WebappClassLoaderBase.java:1223)
		at com.mysql.cj.protocol.NetworkResources.forceClose(NetworkResources.java:53)
		at com.mysql.cj.jdbc.AbandonedConnectionCleanupThread$ConnectionFinalizerPhantomReference.finalizeResources(AbandonedConnectionCleanupThread.java:248)
		at com.mysql.cj.jdbc.AbandonedConnectionCleanupThread.finalizeResource(AbandonedConnectionCleanupThread.java:226)
		at com.mysql.cj.jdbc.AbandonedConnectionCleanupThread.run(AbandonedConnectionCleanupThread.java:93)
		at java.base/java.util.concurrent.ThreadPoolExecutor.runWorker(ThreadPoolExecutor.java:1128)
		at java.base/java.util.concurrent.ThreadPoolExecutor$Worker.run(ThreadPoolExecutor.java:628)
		at java.base/java.lang.Thread.run(Thread.java:835)
08-Dec-2021 01:51:58.005 INFO [http-nio-8080-exec-29] org.apache.jasper.servlet.TldScanner.scanJars At least one JAR was scanned for TLDs yet contained no TLDs. Enable debug logging for this logger for a complete list of JARs that were scanned but no TLDs were found in them. Skipping unneeded JARs during scanning can improve startup time and JSP compilation time.
08-Dec-2021 01:51:58.025 INFO [http-nio-8080-exec-29] org.apache.catalina.startup.HostConfig.deployDescriptor Deployment of deployment descriptor [C:\Users\Lenovo\Desktop\WEB\apache-tomcat-8.5.73\conf\Catalina\localhost\WEB4.xml] has finished in [500] ms
08-Dec-2021 01:51:58.035 INFO [http-nio-8080-exec-24] org.apache.catalina.util.LifecycleBase.start The start() method was called on component [StandardEngine[Catalina].StandardHost[localhost].StandardContext[/WEB4]] after start() had already been called. The second call will be ignored.
08-Dec-2021 01:55:22.949 WARNING [http-nio-8080-exec-37] org.apache.catalina.loader.WebappClassLoaderBase.clearReferencesJdbc The web application [WEB4] registered the JDBC driver [com.mysql.cj.jdbc.Driver] but failed to unregister it when the web application was stopped. To prevent a memory leak, the JDBC Driver has been forcibly unregistered.
08-Dec-2021 01:55:22.949 WARNING [http-nio-8080-exec-37] org.apache.catalina.loader.WebappClassLoaderBase.clearReferencesThreads The web application [WEB4] appears to have started a thread named [mysql-cj-abandoned-connection-cleanup] but has failed to stop it. This is very likely to create a memory leak. Stack trace of thread:
 java.base@12/java.lang.Object.wait(Native Method)
 java.base@12/java.lang.ref.ReferenceQueue.remove(ReferenceQueue.java:155)
 com.mysql.cj.jdbc.AbandonedConnectionCleanupThread.run(AbandonedConnectionCleanupThread.java:91)
 java.base@12/java.util.concurrent.ThreadPoolExecutor.runWorker(ThreadPoolExecutor.java:1128)
 java.base@12/java.util.concurrent.ThreadPoolExecutor$Worker.run(ThreadPoolExecutor.java:628)
 java.base@12/java.lang.Thread.run(Thread.java:835)
08-Dec-2021 01:55:23.459 INFO [http-nio-8080-exec-37] org.apache.catalina.startup.HostConfig.undeploy Undeploying context [/WEB4]
08-Dec-2021 01:55:23.489 INFO [http-nio-8080-exec-35] org.apache.catalina.startup.HostConfig.deployDescriptor Deploying deployment descriptor [C:\Users\Lenovo\Desktop\WEB\apache-tomcat-8.5.73\conf\Catalina\localhost\WEB4.xml]
08-Dec-2021 01:55:23.569 INFO [mysql-cj-abandoned-connection-cleanup] org.apache.catalina.loader.WebappClassLoaderBase.checkStateForResourceLoading Illegal access: this web application instance has been stopped already. Could not load [com.mysql.cj.protocol.ExportControlled]. The following stack trace is thrown for debugging purposes as well as to attempt to terminate the thread which caused the illegal access.
	java.lang.IllegalStateException: Illegal access: this web application instance has been stopped already. Could not load [com.mysql.cj.protocol.ExportControlled]. The following stack trace is thrown for debugging purposes as well as to attempt to terminate the thread which caused the illegal access.
		at org.apache.catalina.loader.WebappClassLoaderBase.checkStateForResourceLoading(WebappClassLoaderBase.java:1435)
		at org.apache.catalina.loader.WebappClassLoaderBase.checkStateForClassLoading(WebappClassLoaderBase.java:1423)
		at org.apache.catalina.loader.WebappClassLoaderBase.loadClass(WebappClassLoaderBase.java:1262)
		at org.apache.catalina.loader.WebappClassLoaderBase.loadClass(WebappClassLoaderBase.java:1223)
		at com.mysql.cj.protocol.NetworkResources.forceClose(NetworkResources.java:53)
		at com.mysql.cj.jdbc.AbandonedConnectionCleanupThread$ConnectionFinalizerPhantomReference.finalizeResources(AbandonedConnectionCleanupThread.java:248)
		at com.mysql.cj.jdbc.AbandonedConnectionCleanupThread.finalizeResource(AbandonedConnectionCleanupThread.java:226)
		at com.mysql.cj.jdbc.AbandonedConnectionCleanupThread.run(AbandonedConnectionCleanupThread.java:93)
		at java.base/java.util.concurrent.ThreadPoolExecutor.runWorker(ThreadPoolExecutor.java:1128)
		at java.base/java.util.concurrent.ThreadPoolExecutor$Worker.run(ThreadPoolExecutor.java:628)
		at java.base/java.lang.Thread.run(Thread.java:835)
08-Dec-2021 01:55:23.899 INFO [http-nio-8080-exec-35] org.apache.jasper.servlet.TldScanner.scanJars At least one JAR was scanned for TLDs yet contained no TLDs. Enable debug logging for this logger for a complete list of JARs that were scanned but no TLDs were found in them. Skipping unneeded JARs during scanning can improve startup time and JSP compilation time.
08-Dec-2021 01:55:23.919 INFO [http-nio-8080-exec-35] org.apache.catalina.startup.HostConfig.deployDescriptor Deployment of deployment descriptor [C:\Users\Lenovo\Desktop\WEB\apache-tomcat-8.5.73\conf\Catalina\localhost\WEB4.xml] has finished in [430] ms
08-Dec-2021 01:55:23.929 INFO [http-nio-8080-exec-38] org.apache.catalina.util.LifecycleBase.start The start() method was called on component [StandardEngine[Catalina].StandardHost[localhost].StandardContext[/WEB4]] after start() had already been called. The second call will be ignored.
08-Dec-2021 02:05:40.385 WARNING [http-nio-8080-exec-46] org.apache.catalina.loader.WebappClassLoaderBase.clearReferencesJdbc The web application [WEB4] registered the JDBC driver [com.mysql.cj.jdbc.Driver] but failed to unregister it when the web application was stopped. To prevent a memory leak, the JDBC Driver has been forcibly unregistered.
08-Dec-2021 02:05:40.395 WARNING [http-nio-8080-exec-46] org.apache.catalina.loader.WebappClassLoaderBase.clearReferencesThreads The web application [WEB4] appears to have started a thread named [mysql-cj-abandoned-connection-cleanup] but has failed to stop it. This is very likely to create a memory leak. Stack trace of thread:
 java.base@12/java.lang.Object.wait(Native Method)
 java.base@12/java.lang.ref.ReferenceQueue.remove(ReferenceQueue.java:155)
 com.mysql.cj.jdbc.AbandonedConnectionCleanupThread.run(AbandonedConnectionCleanupThread.java:91)
 java.base@12/java.util.concurrent.ThreadPoolExecutor.runWorker(ThreadPoolExecutor.java:1128)
 java.base@12/java.util.concurrent.ThreadPoolExecutor$Worker.run(ThreadPoolExecutor.java:628)
 java.base@12/java.lang.Thread.run(Thread.java:835)
08-Dec-2021 02:05:40.895 INFO [http-nio-8080-exec-46] org.apache.catalina.startup.HostConfig.undeploy Undeploying context [/WEB4]
08-Dec-2021 02:05:40.915 INFO [http-nio-8080-exec-49] org.apache.catalina.startup.HostConfig.deployDescriptor Deploying deployment descriptor [C:\Users\Lenovo\Desktop\WEB\apache-tomcat-8.5.73\conf\Catalina\localhost\WEB4.xml]
08-Dec-2021 02:05:41.035 INFO [mysql-cj-abandoned-connection-cleanup] org.apache.catalina.loader.WebappClassLoaderBase.checkStateForResourceLoading Illegal access: this web application instance has been stopped already. Could not load [com.mysql.cj.protocol.ExportControlled]. The following stack trace is thrown for debugging purposes as well as to attempt to terminate the thread which caused the illegal access.
	java.lang.IllegalStateException: Illegal access: this web application instance has been stopped already. Could not load [com.mysql.cj.protocol.ExportControlled]. The following stack trace is thrown for debugging purposes as well as to attempt to terminate the thread which caused the illegal access.
		at org.apache.catalina.loader.WebappClassLoaderBase.checkStateForResourceLoading(WebappClassLoaderBase.java:1435)
		at org.apache.catalina.loader.WebappClassLoaderBase.checkStateForClassLoading(WebappClassLoaderBase.java:1423)
		at org.apache.catalina.loader.WebappClassLoaderBase.loadClass(WebappClassLoaderBase.java:1262)
		at org.apache.catalina.loader.WebappClassLoaderBase.loadClass(WebappClassLoaderBase.java:1223)
		at com.mysql.cj.protocol.NetworkResources.forceClose(NetworkResources.java:53)
		at com.mysql.cj.jdbc.AbandonedConnectionCleanupThread$ConnectionFinalizerPhantomReference.finalizeResources(AbandonedConnectionCleanupThread.java:248)
		at com.mysql.cj.jdbc.AbandonedConnectionCleanupThread.finalizeResource(AbandonedConnectionCleanupThread.java:226)
		at com.mysql.cj.jdbc.AbandonedConnectionCleanupThread.run(AbandonedConnectionCleanupThread.java:93)
		at java.base/java.util.concurrent.ThreadPoolExecutor.runWorker(ThreadPoolExecutor.java:1128)
		at java.base/java.util.concurrent.ThreadPoolExecutor$Worker.run(ThreadPoolExecutor.java:628)
		at java.base/java.lang.Thread.run(Thread.java:835)
08-Dec-2021 02:05:41.355 INFO [http-nio-8080-exec-49] org.apache.jasper.servlet.TldScanner.scanJars At least one JAR was scanned for TLDs yet contained no TLDs. Enable debug logging for this logger for a complete list of JARs that were scanned but no TLDs were found in them. Skipping unneeded JARs during scanning can improve startup time and JSP compilation time.
08-Dec-2021 02:05:41.375 INFO [http-nio-8080-exec-49] org.apache.catalina.startup.HostConfig.deployDescriptor Deployment of deployment descriptor [C:\Users\Lenovo\Desktop\WEB\apache-tomcat-8.5.73\conf\Catalina\localhost\WEB4.xml] has finished in [460] ms
08-Dec-2021 02:05:41.385 INFO [http-nio-8080-exec-42] org.apache.catalina.util.LifecycleBase.start The start() method was called on component [StandardEngine[Catalina].StandardHost[localhost].StandardContext[/WEB4]] after start() had already been called. The second call will be ignored.
08-Dec-2021 02:09:11.410 WARNING [http-nio-8080-exec-59] org.apache.catalina.loader.WebappClassLoaderBase.clearReferencesJdbc The web application [WEB4] registered the JDBC driver [com.mysql.cj.jdbc.Driver] but failed to unregister it when the web application was stopped. To prevent a memory leak, the JDBC Driver has been forcibly unregistered.
08-Dec-2021 02:09:11.410 WARNING [http-nio-8080-exec-59] org.apache.catalina.loader.WebappClassLoaderBase.clearReferencesThreads The web application [WEB4] appears to have started a thread named [mysql-cj-abandoned-connection-cleanup] but has failed to stop it. This is very likely to create a memory leak. Stack trace of thread:
 java.base@12/java.lang.Object.wait(Native Method)
 java.base@12/java.lang.ref.ReferenceQueue.remove(ReferenceQueue.java:155)
 com.mysql.cj.jdbc.AbandonedConnectionCleanupThread.run(AbandonedConnectionCleanupThread.java:91)
 java.base@12/java.util.concurrent.ThreadPoolExecutor.runWorker(ThreadPoolExecutor.java:1128)
 java.base@12/java.util.concurrent.ThreadPoolExecutor$Worker.run(ThreadPoolExecutor.java:628)
 java.base@12/java.lang.Thread.run(Thread.java:835)
08-Dec-2021 02:09:11.911 INFO [http-nio-8080-exec-59] org.apache.catalina.startup.HostConfig.undeploy Undeploying context [/WEB4]
08-Dec-2021 02:09:11.920 INFO [http-nio-8080-exec-54] org.apache.catalina.startup.HostConfig.deployDescriptor Deploying deployment descriptor [C:\Users\Lenovo\Desktop\WEB\apache-tomcat-8.5.73\conf\Catalina\localhost\WEB4.xml]
08-Dec-2021 02:09:12.010 INFO [mysql-cj-abandoned-connection-cleanup] org.apache.catalina.loader.WebappClassLoaderBase.checkStateForResourceLoading Illegal access: this web application instance has been stopped already. Could not load [com.mysql.cj.protocol.ExportControlled]. The following stack trace is thrown for debugging purposes as well as to attempt to terminate the thread which caused the illegal access.
	java.lang.IllegalStateException: Illegal access: this web application instance has been stopped already. Could not load [com.mysql.cj.protocol.ExportControlled]. The following stack trace is thrown for debugging purposes as well as to attempt to terminate the thread which caused the illegal access.
		at org.apache.catalina.loader.WebappClassLoaderBase.checkStateForResourceLoading(WebappClassLoaderBase.java:1435)
		at org.apache.catalina.loader.WebappClassLoaderBase.checkStateForClassLoading(WebappClassLoaderBase.java:1423)
		at org.apache.catalina.loader.WebappClassLoaderBase.loadClass(WebappClassLoaderBase.java:1262)
		at org.apache.catalina.loader.WebappClassLoaderBase.loadClass(WebappClassLoaderBase.java:1223)
		at com.mysql.cj.protocol.NetworkResources.forceClose(NetworkResources.java:53)
		at com.mysql.cj.jdbc.AbandonedConnectionCleanupThread$ConnectionFinalizerPhantomReference.finalizeResources(AbandonedConnectionCleanupThread.java:248)
		at com.mysql.cj.jdbc.AbandonedConnectionCleanupThread.finalizeResource(AbandonedConnectionCleanupThread.java:226)
		at com.mysql.cj.jdbc.AbandonedConnectionCleanupThread.run(AbandonedConnectionCleanupThread.java:93)
		at java.base/java.util.concurrent.ThreadPoolExecutor.runWorker(ThreadPoolExecutor.java:1128)
		at java.base/java.util.concurrent.ThreadPoolExecutor$Worker.run(ThreadPoolExecutor.java:628)
		at java.base/java.lang.Thread.run(Thread.java:835)
08-Dec-2021 02:09:12.310 INFO [http-nio-8080-exec-54] org.apache.jasper.servlet.TldScanner.scanJars At least one JAR was scanned for TLDs yet contained no TLDs. Enable debug logging for this logger for a complete list of JARs that were scanned but no TLDs were found in them. Skipping unneeded JARs during scanning can improve startup time and JSP compilation time.
08-Dec-2021 02:09:12.330 INFO [http-nio-8080-exec-54] org.apache.catalina.startup.HostConfig.deployDescriptor Deployment of deployment descriptor [C:\Users\Lenovo\Desktop\WEB\apache-tomcat-8.5.73\conf\Catalina\localhost\WEB4.xml] has finished in [410] ms
08-Dec-2021 02:09:12.330 INFO [http-nio-8080-exec-51] org.apache.catalina.util.LifecycleBase.start The start() method was called on component [StandardEngine[Catalina].StandardHost[localhost].StandardContext[/WEB4]] after start() had already been called. The second call will be ignored.
08-Dec-2021 02:10:12.334 WARNING [http-nio-8080-exec-68] org.apache.catalina.loader.WebappClassLoaderBase.clearReferencesJdbc The web application [WEB4] registered the JDBC driver [com.mysql.cj.jdbc.Driver] but failed to unregister it when the web application was stopped. To prevent a memory leak, the JDBC Driver has been forcibly unregistered.
08-Dec-2021 02:10:12.334 WARNING [http-nio-8080-exec-68] org.apache.catalina.loader.WebappClassLoaderBase.clearReferencesThreads The web application [WEB4] appears to have started a thread named [mysql-cj-abandoned-connection-cleanup] but has failed to stop it. This is very likely to create a memory leak. Stack trace of thread:
 java.base@12/java.lang.Object.wait(Native Method)
 java.base@12/java.lang.ref.ReferenceQueue.remove(ReferenceQueue.java:155)
 com.mysql.cj.jdbc.AbandonedConnectionCleanupThread.run(AbandonedConnectionCleanupThread.java:91)
 java.base@12/java.util.concurrent.ThreadPoolExecutor.runWorker(ThreadPoolExecutor.java:1128)
 java.base@12/java.util.concurrent.ThreadPoolExecutor$Worker.run(ThreadPoolExecutor.java:628)
 java.base@12/java.lang.Thread.run(Thread.java:835)
08-Dec-2021 02:10:12.834 INFO [http-nio-8080-exec-68] org.apache.catalina.startup.HostConfig.undeploy Undeploying context [/WEB4]
08-Dec-2021 02:10:12.854 INFO [http-nio-8080-exec-62] org.apache.catalina.startup.HostConfig.deployDescriptor Deploying deployment descriptor [C:\Users\Lenovo\Desktop\WEB\apache-tomcat-8.5.73\conf\Catalina\localhost\WEB4.xml]
08-Dec-2021 02:10:12.964 INFO [mysql-cj-abandoned-connection-cleanup] org.apache.catalina.loader.WebappClassLoaderBase.checkStateForResourceLoading Illegal access: this web application instance has been stopped already. Could not load [com.mysql.cj.protocol.ExportControlled]. The following stack trace is thrown for debugging purposes as well as to attempt to terminate the thread which caused the illegal access.
	java.lang.IllegalStateException: Illegal access: this web application instance has been stopped already. Could not load [com.mysql.cj.protocol.ExportControlled]. The following stack trace is thrown for debugging purposes as well as to attempt to terminate the thread which caused the illegal access.
		at org.apache.catalina.loader.WebappClassLoaderBase.checkStateForResourceLoading(WebappClassLoaderBase.java:1435)
		at org.apache.catalina.loader.WebappClassLoaderBase.checkStateForClassLoading(WebappClassLoaderBase.java:1423)
		at org.apache.catalina.loader.WebappClassLoaderBase.loadClass(WebappClassLoaderBase.java:1262)
		at org.apache.catalina.loader.WebappClassLoaderBase.loadClass(WebappClassLoaderBase.java:1223)
		at com.mysql.cj.protocol.NetworkResources.forceClose(NetworkResources.java:53)
		at com.mysql.cj.jdbc.AbandonedConnectionCleanupThread$ConnectionFinalizerPhantomReference.finalizeResources(AbandonedConnectionCleanupThread.java:248)
		at com.mysql.cj.jdbc.AbandonedConnectionCleanupThread.finalizeResource(AbandonedConnectionCleanupThread.java:226)
		at com.mysql.cj.jdbc.AbandonedConnectionCleanupThread.run(AbandonedConnectionCleanupThread.java:93)
		at java.base/java.util.concurrent.ThreadPoolExecutor.runWorker(ThreadPoolExecutor.java:1128)
		at java.base/java.util.concurrent.ThreadPoolExecutor$Worker.run(ThreadPoolExecutor.java:628)
		at java.base/java.lang.Thread.run(Thread.java:835)
08-Dec-2021 02:10:13.264 INFO [http-nio-8080-exec-62] org.apache.jasper.servlet.TldScanner.scanJars At least one JAR was scanned for TLDs yet contained no TLDs. Enable debug logging for this logger for a complete list of JARs that were scanned but no TLDs were found in them. Skipping unneeded JARs during scanning can improve startup time and JSP compilation time.
08-Dec-2021 02:10:13.284 INFO [http-nio-8080-exec-62] org.apache.catalina.startup.HostConfig.deployDescriptor Deployment of deployment descriptor [C:\Users\Lenovo\Desktop\WEB\apache-tomcat-8.5.73\conf\Catalina\localhost\WEB4.xml] has finished in [420] ms
08-Dec-2021 02:10:13.284 INFO [http-nio-8080-exec-65] org.apache.catalina.util.LifecycleBase.start The start() method was called on component [StandardEngine[Catalina].StandardHost[localhost].StandardContext[/WEB4]] after start() had already been called. The second call will be ignored.
08-Dec-2021 02:11:22.362 WARNING [http-nio-8080-exec-61] org.apache.catalina.loader.WebappClassLoaderBase.clearReferencesJdbc The web application [WEB4] registered the JDBC driver [com.mysql.cj.jdbc.Driver] but failed to unregister it when the web application was stopped. To prevent a memory leak, the JDBC Driver has been forcibly unregistered.
08-Dec-2021 02:11:22.362 WARNING [http-nio-8080-exec-61] org.apache.catalina.loader.WebappClassLoaderBase.clearReferencesThreads The web application [WEB4] appears to have started a thread named [mysql-cj-abandoned-connection-cleanup] but has failed to stop it. This is very likely to create a memory leak. Stack trace of thread:
 java.base@12/java.lang.Object.wait(Native Method)
 java.base@12/java.lang.ref.ReferenceQueue.remove(ReferenceQueue.java:155)
 com.mysql.cj.jdbc.AbandonedConnectionCleanupThread.run(AbandonedConnectionCleanupThread.java:91)
 java.base@12/java.util.concurrent.ThreadPoolExecutor.runWorker(ThreadPoolExecutor.java:1128)
 java.base@12/java.util.concurrent.ThreadPoolExecutor$Worker.run(ThreadPoolExecutor.java:628)
 java.base@12/java.lang.Thread.run(Thread.java:835)
08-Dec-2021 02:11:22.862 INFO [http-nio-8080-exec-61] org.apache.catalina.startup.HostConfig.undeploy Undeploying context [/WEB4]
08-Dec-2021 02:11:22.882 INFO [http-nio-8080-exec-73] org.apache.catalina.startup.HostConfig.deployDescriptor Deploying deployment descriptor [C:\Users\Lenovo\Desktop\WEB\apache-tomcat-8.5.73\conf\Catalina\localhost\WEB4.xml]
08-Dec-2021 02:11:22.932 INFO [mysql-cj-abandoned-connection-cleanup] org.apache.catalina.loader.WebappClassLoaderBase.checkStateForResourceLoading Illegal access: this web application instance has been stopped already. Could not load [com.mysql.cj.protocol.ExportControlled]. The following stack trace is thrown for debugging purposes as well as to attempt to terminate the thread which caused the illegal access.
	java.lang.IllegalStateException: Illegal access: this web application instance has been stopped already. Could not load [com.mysql.cj.protocol.ExportControlled]. The following stack trace is thrown for debugging purposes as well as to attempt to terminate the thread which caused the illegal access.
		at org.apache.catalina.loader.WebappClassLoaderBase.checkStateForResourceLoading(WebappClassLoaderBase.java:1435)
		at org.apache.catalina.loader.WebappClassLoaderBase.checkStateForClassLoading(WebappClassLoaderBase.java:1423)
		at org.apache.catalina.loader.WebappClassLoaderBase.loadClass(WebappClassLoaderBase.java:1262)
		at org.apache.catalina.loader.WebappClassLoaderBase.loadClass(WebappClassLoaderBase.java:1223)
		at com.mysql.cj.protocol.NetworkResources.forceClose(NetworkResources.java:53)
		at com.mysql.cj.jdbc.AbandonedConnectionCleanupThread$ConnectionFinalizerPhantomReference.finalizeResources(AbandonedConnectionCleanupThread.java:248)
		at com.mysql.cj.jdbc.AbandonedConnectionCleanupThread.finalizeResource(AbandonedConnectionCleanupThread.java:226)
		at com.mysql.cj.jdbc.AbandonedConnectionCleanupThread.run(AbandonedConnectionCleanupThread.java:93)
		at java.base/java.util.concurrent.ThreadPoolExecutor.runWorker(ThreadPoolExecutor.java:1128)
		at java.base/java.util.concurrent.ThreadPoolExecutor$Worker.run(ThreadPoolExecutor.java:628)
		at java.base/java.lang.Thread.run(Thread.java:835)
08-Dec-2021 02:11:23.272 INFO [http-nio-8080-exec-73] org.apache.jasper.servlet.TldScanner.scanJars At least one JAR was scanned for TLDs yet contained no TLDs. Enable debug logging for this logger for a complete list of JARs that were scanned but no TLDs were found in them. Skipping unneeded JARs during scanning can improve startup time and JSP compilation time.
08-Dec-2021 02:11:23.282 INFO [http-nio-8080-exec-73] org.apache.catalina.startup.HostConfig.deployDescriptor Deployment of deployment descriptor [C:\Users\Lenovo\Desktop\WEB\apache-tomcat-8.5.73\conf\Catalina\localhost\WEB4.xml] has finished in [400] ms
08-Dec-2021 02:11:23.292 INFO [http-nio-8080-exec-72] org.apache.catalina.util.LifecycleBase.start The start() method was called on component [StandardEngine[Catalina].StandardHost[localhost].StandardContext[/WEB4]] after start() had already been called. The second call will be ignored.
08-Dec-2021 02:12:21.941 WARNING [http-nio-8080-exec-84] org.apache.catalina.loader.WebappClassLoaderBase.clearReferencesJdbc The web application [WEB4] registered the JDBC driver [com.mysql.cj.jdbc.Driver] but failed to unregister it when the web application was stopped. To prevent a memory leak, the JDBC Driver has been forcibly unregistered.
08-Dec-2021 02:12:21.941 WARNING [http-nio-8080-exec-84] org.apache.catalina.loader.WebappClassLoaderBase.clearReferencesThreads The web application [WEB4] appears to have started a thread named [mysql-cj-abandoned-connection-cleanup] but has failed to stop it. This is very likely to create a memory leak. Stack trace of thread:
 java.base@12/java.lang.Object.wait(Native Method)
 java.base@12/java.lang.ref.ReferenceQueue.remove(ReferenceQueue.java:155)
 com.mysql.cj.jdbc.AbandonedConnectionCleanupThread.run(AbandonedConnectionCleanupThread.java:91)
 java.base@12/java.util.concurrent.ThreadPoolExecutor.runWorker(ThreadPoolExecutor.java:1128)
 java.base@12/java.util.concurrent.ThreadPoolExecutor$Worker.run(ThreadPoolExecutor.java:628)
 java.base@12/java.lang.Thread.run(Thread.java:835)
08-Dec-2021 02:12:22.441 INFO [http-nio-8080-exec-84] org.apache.catalina.startup.HostConfig.undeploy Undeploying context [/WEB4]
08-Dec-2021 02:12:22.471 INFO [http-nio-8080-exec-78] org.apache.catalina.startup.HostConfig.deployDescriptor Deploying deployment descriptor [C:\Users\Lenovo\Desktop\WEB\apache-tomcat-8.5.73\conf\Catalina\localhost\WEB4.xml]
08-Dec-2021 02:12:22.541 INFO [mysql-cj-abandoned-connection-cleanup] org.apache.catalina.loader.WebappClassLoaderBase.checkStateForResourceLoading Illegal access: this web application instance has been stopped already. Could not load [com.mysql.cj.protocol.ExportControlled]. The following stack trace is thrown for debugging purposes as well as to attempt to terminate the thread which caused the illegal access.
	java.lang.IllegalStateException: Illegal access: this web application instance has been stopped already. Could not load [com.mysql.cj.protocol.ExportControlled]. The following stack trace is thrown for debugging purposes as well as to attempt to terminate the thread which caused the illegal access.
		at org.apache.catalina.loader.WebappClassLoaderBase.checkStateForResourceLoading(WebappClassLoaderBase.java:1435)
		at org.apache.catalina.loader.WebappClassLoaderBase.checkStateForClassLoading(WebappClassLoaderBase.java:1423)
		at org.apache.catalina.loader.WebappClassLoaderBase.loadClass(WebappClassLoaderBase.java:1262)
		at org.apache.catalina.loader.WebappClassLoaderBase.loadClass(WebappClassLoaderBase.java:1223)
		at com.mysql.cj.protocol.NetworkResources.forceClose(NetworkResources.java:53)
		at com.mysql.cj.jdbc.AbandonedConnectionCleanupThread$ConnectionFinalizerPhantomReference.finalizeResources(AbandonedConnectionCleanupThread.java:248)
		at com.mysql.cj.jdbc.AbandonedConnectionCleanupThread.finalizeResource(AbandonedConnectionCleanupThread.java:226)
		at com.mysql.cj.jdbc.AbandonedConnectionCleanupThread.run(AbandonedConnectionCleanupThread.java:93)
		at java.base/java.util.concurrent.ThreadPoolExecutor.runWorker(ThreadPoolExecutor.java:1128)
		at java.base/java.util.concurrent.ThreadPoolExecutor$Worker.run(ThreadPoolExecutor.java:628)
		at java.base/java.lang.Thread.run(Thread.java:835)
08-Dec-2021 02:12:22.871 INFO [http-nio-8080-exec-78] org.apache.jasper.servlet.TldScanner.scanJars At least one JAR was scanned for TLDs yet contained no TLDs. Enable debug logging for this logger for a complete list of JARs that were scanned but no TLDs were found in them. Skipping unneeded JARs during scanning can improve startup time and JSP compilation time.
08-Dec-2021 02:12:22.881 INFO [http-nio-8080-exec-78] org.apache.catalina.startup.HostConfig.deployDescriptor Deployment of deployment descriptor [C:\Users\Lenovo\Desktop\WEB\apache-tomcat-8.5.73\conf\Catalina\localhost\WEB4.xml] has finished in [410] ms
08-Dec-2021 02:12:22.891 INFO [http-nio-8080-exec-73] org.apache.catalina.util.LifecycleBase.start The start() method was called on component [StandardEngine[Catalina].StandardHost[localhost].StandardContext[/WEB4]] after start() had already been called. The second call will be ignored.
08-Dec-2021 02:12:49.049 INFO [http-nio-8080-exec-89] org.apache.catalina.startup.HostConfig.undeploy Undeploying context [/WEB4]
08-Dec-2021 02:12:49.059 INFO [http-nio-8080-exec-90] org.apache.catalina.startup.HostConfig.deployDescriptor Deploying deployment descriptor [C:\Users\Lenovo\Desktop\WEB\apache-tomcat-8.5.73\conf\Catalina\localhost\WEB4.xml]
08-Dec-2021 02:12:49.429 INFO [http-nio-8080-exec-90] org.apache.jasper.servlet.TldScanner.scanJars At least one JAR was scanned for TLDs yet contained no TLDs. Enable debug logging for this logger for a complete list of JARs that were scanned but no TLDs were found in them. Skipping unneeded JARs during scanning can improve startup time and JSP compilation time.
08-Dec-2021 02:12:49.439 INFO [http-nio-8080-exec-90] org.apache.catalina.startup.HostConfig.deployDescriptor Deployment of deployment descriptor [C:\Users\Lenovo\Desktop\WEB\apache-tomcat-8.5.73\conf\Catalina\localhost\WEB4.xml] has finished in [380] ms
08-Dec-2021 02:12:49.448 INFO [http-nio-8080-exec-82] org.apache.catalina.util.LifecycleBase.start The start() method was called on component [StandardEngine[Catalina].StandardHost[localhost].StandardContext[/WEB4]] after start() had already been called. The second call will be ignored.
08-Dec-2021 02:12:50.016 INFO [http-nio-8080-exec-82] org.apache.catalina.startup.HostConfig.undeploy Undeploying context [/WEB4]
08-Dec-2021 02:12:50.104 INFO [http-nio-8080-exec-89] org.apache.catalina.startup.HostConfig.deployDescriptor Deploying deployment descriptor [C:\Users\Lenovo\Desktop\WEB\apache-tomcat-8.5.73\conf\Catalina\localhost\WEB4.xml]
08-Dec-2021 02:12:50.614 INFO [http-nio-8080-exec-89] org.apache.jasper.servlet.TldScanner.scanJars At least one JAR was scanned for TLDs yet contained no TLDs. Enable debug logging for this logger for a complete list of JARs that were scanned but no TLDs were found in them. Skipping unneeded JARs during scanning can improve startup time and JSP compilation time.
08-Dec-2021 02:12:50.630 INFO [http-nio-8080-exec-89] org.apache.catalina.startup.HostConfig.deployDescriptor Deployment of deployment descriptor [C:\Users\Lenovo\Desktop\WEB\apache-tomcat-8.5.73\conf\Catalina\localhost\WEB4.xml] has finished in [526] ms
08-Dec-2021 02:12:50.638 INFO [http-nio-8080-exec-88] org.apache.catalina.util.LifecycleBase.start The start() method was called on component [StandardEngine[Catalina].StandardHost[localhost].StandardContext[/WEB4]] after start() had already been called. The second call will be ignored.
08-Dec-2021 02:15:19.482 INFO [main] org.apache.catalina.core.StandardServer.await A valid shutdown command was received via the shutdown port. Stopping the Server instance.
08-Dec-2021 02:15:19.482 INFO [main] org.apache.coyote.AbstractProtocol.pause Pausing ProtocolHandler ["http-nio-8080"]
08-Dec-2021 02:15:19.635 INFO [main] org.apache.catalina.core.StandardService.stopInternal Stopping service [Catalina]
08-Dec-2021 02:15:19.645 WARNING [localhost-startStop-2] org.apache.catalina.loader.WebappClassLoaderBase.clearReferencesJdbc The web application [WEB4] registered the JDBC driver [com.mysql.cj.jdbc.Driver] but failed to unregister it when the web application was stopped. To prevent a memory leak, the JDBC Driver has been forcibly unregistered.
08-Dec-2021 02:15:19.645 WARNING [localhost-startStop-2] org.apache.catalina.loader.WebappClassLoaderBase.clearReferencesThreads The web application [WEB4] appears to have started a thread named [mysql-cj-abandoned-connection-cleanup] but has failed to stop it. This is very likely to create a memory leak. Stack trace of thread:
 java.base@12/java.lang.Object.wait(Native Method)
 java.base@12/java.lang.ref.ReferenceQueue.remove(ReferenceQueue.java:155)
 com.mysql.cj.jdbc.AbandonedConnectionCleanupThread.run(AbandonedConnectionCleanupThread.java:91)
 java.base@12/java.util.concurrent.ThreadPoolExecutor.runWorker(ThreadPoolExecutor.java:1128)
 java.base@12/java.util.concurrent.ThreadPoolExecutor$Worker.run(ThreadPoolExecutor.java:628)
 java.base@12/java.lang.Thread.run(Thread.java:835)
08-Dec-2021 02:15:19.665 INFO [main] org.apache.coyote.AbstractProtocol.stop Stopping ProtocolHandler ["http-nio-8080"]
08-Dec-2021 02:15:19.665 INFO [main] org.apache.coyote.AbstractProtocol.destroy Destroying ProtocolHandler ["http-nio-8080"]
08-Dec-2021 15:32:40.494 INFO [main] org.apache.catalina.startup.VersionLoggerListener.log Server version name:   Apache Tomcat/8.5.73
08-Dec-2021 15:32:40.534 INFO [main] org.apache.catalina.startup.VersionLoggerListener.log Server built:          Nov 11 2021 13:14:36 UTC
08-Dec-2021 15:32:40.534 INFO [main] org.apache.catalina.startup.VersionLoggerListener.log Server version number: 8.5.73.0
08-Dec-2021 15:32:40.534 INFO [main] org.apache.catalina.startup.VersionLoggerListener.log OS Name:               Windows 10
08-Dec-2021 15:32:40.534 INFO [main] org.apache.catalina.startup.VersionLoggerListener.log Версия ОС:             10.0
08-Dec-2021 15:32:40.534 INFO [main] org.apache.catalina.startup.VersionLoggerListener.log Архитектура:           amd64
08-Dec-2021 15:32:40.534 INFO [main] org.apache.catalina.startup.VersionLoggerListener.log Java Home:             C:\Program Files\Java\jdk-12.0.2
08-Dec-2021 15:32:40.534 INFO [main] org.apache.catalina.startup.VersionLoggerListener.log Версия JVM:            12+33
08-Dec-2021 15:32:40.534 INFO [main] org.apache.catalina.startup.VersionLoggerListener.log JVM Vendor:            Oracle Corporation
08-Dec-2021 15:32:40.534 INFO [main] org.apache.catalina.startup.VersionLoggerListener.log CATALINA_BASE:         C:\Users\Lenovo\Desktop\WEB\apache-tomcat-8.5.73
08-Dec-2021 15:32:40.534 INFO [main] org.apache.catalina.startup.VersionLoggerListener.log CATALINA_HOME:         C:\Users\Lenovo\Desktop\WEB\apache-tomcat-8.5.73
08-Dec-2021 15:32:40.534 INFO [main] org.apache.catalina.startup.VersionLoggerListener.log Command line argument: --add-opens=java.base/java.lang=ALL-UNNAMED
08-Dec-2021 15:32:40.534 INFO [main] org.apache.catalina.startup.VersionLoggerListener.log Command line argument: --add-opens=java.base/java.io=ALL-UNNAMED
08-Dec-2021 15:32:40.534 INFO [main] org.apache.catalina.startup.VersionLoggerListener.log Command line argument: --add-opens=java.base/java.util=ALL-UNNAMED
08-Dec-2021 15:32:40.534 INFO [main] org.apache.catalina.startup.VersionLoggerListener.log Command line argument: --add-opens=java.base/java.util.concurrent=ALL-UNNAMED
08-Dec-2021 15:32:40.534 INFO [main] org.apache.catalina.startup.VersionLoggerListener.log Command line argument: --add-opens=java.rmi/sun.rmi.transport=ALL-UNNAMED
08-Dec-2021 15:32:40.534 INFO [main] org.apache.catalina.startup.VersionLoggerListener.log Command line argument: -Djava.util.logging.config.file=C:\Users\Lenovo\Desktop\WEB\apache-tomcat-8.5.73\conf\logging.properties
08-Dec-2021 15:32:40.534 INFO [main] org.apache.catalina.startup.VersionLoggerListener.log Command line argument: -Djava.util.logging.manager=org.apache.juli.ClassLoaderLogManager
08-Dec-2021 15:32:40.534 INFO [main] org.apache.catalina.startup.VersionLoggerListener.log Command line argument: -Dhttp.nonProxyHosts=localhost|127.0.0.1|DESKTOP-9VNKMU9
08-Dec-2021 15:32:40.534 INFO [main] org.apache.catalina.startup.VersionLoggerListener.log Command line argument: -Djdk.tls.ephemeralDHKeySize=2048
08-Dec-2021 15:32:40.534 INFO [main] org.apache.catalina.startup.VersionLoggerListener.log Command line argument: -Djava.protocol.handler.pkgs=org.apache.catalina.webresources
08-Dec-2021 15:32:40.534 INFO [main] org.apache.catalina.startup.VersionLoggerListener.log Command line argument: -Dignore.endorsed.dirs=
08-Dec-2021 15:32:40.534 INFO [main] org.apache.catalina.startup.VersionLoggerListener.log Command line argument: -Dcatalina.base=C:\Users\Lenovo\Desktop\WEB\apache-tomcat-8.5.73
08-Dec-2021 15:32:40.534 INFO [main] org.apache.catalina.startup.VersionLoggerListener.log Command line argument: -Dcatalina.home=C:\Users\Lenovo\Desktop\WEB\apache-tomcat-8.5.73
08-Dec-2021 15:32:40.534 INFO [main] org.apache.catalina.startup.VersionLoggerListener.log Command line argument: -Djava.io.tmpdir=C:\Users\Lenovo\Desktop\WEB\apache-tomcat-8.5.73\temp
08-Dec-2021 15:32:40.534 INFO [main] org.apache.catalina.core.AprLifecycleListener.lifecycleEvent Loaded Apache Tomcat Native library [1.2.31] using APR version [1.7.0].
08-Dec-2021 15:32:40.534 INFO [main] org.apache.catalina.core.AprLifecycleListener.lifecycleEvent APR capabilities: IPv6 [true], sendfile [true], accept filters [false], random [true], UDS [{4}].
08-Dec-2021 15:32:40.584 INFO [main] org.apache.catalina.core.AprLifecycleListener.lifecycleEvent APR/OpenSSL configuration: useAprConnector [false], useOpenSSL [true]
08-Dec-2021 15:32:40.674 INFO [main] org.apache.catalina.core.AprLifecycleListener.initializeSSL OpenSSL successfully initialized [OpenSSL 1.1.1l  24 Aug 2021]
08-Dec-2021 15:32:40.824 INFO [main] org.apache.coyote.AbstractProtocol.init Initializing ProtocolHandler ["http-nio-8080"]
08-Dec-2021 15:32:41.114 INFO [main] org.apache.tomcat.util.net.NioSelectorPool.getSharedSelector Using a shared selector for servlet write/read
08-Dec-2021 15:32:41.134 INFO [main] org.apache.catalina.startup.Catalina.load Initialization processed in 1546 ms
08-Dec-2021 15:32:41.254 INFO [main] org.apache.catalina.core.StandardService.startInternal Starting service [Catalina]
08-Dec-2021 15:32:41.254 INFO [main] org.apache.catalina.core.StandardEngine.startInternal Starting Servlet engine: [Apache Tomcat/8.5.73]
08-Dec-2021 15:32:41.315 INFO [localhost-startStop-1] org.apache.catalina.startup.HostConfig.deployDescriptor Deploying deployment descriptor [C:\Users\Lenovo\Desktop\WEB\apache-tomcat-8.5.73\conf\Catalina\localhost\WEB4.xml]
08-Dec-2021 15:32:42.924 INFO [localhost-startStop-1] org.apache.jasper.servlet.TldScanner.scanJars At least one JAR was scanned for TLDs yet contained no TLDs. Enable debug logging for this logger for a complete list of JARs that were scanned but no TLDs were found in them. Skipping unneeded JARs during scanning can improve startup time and JSP compilation time.
08-Dec-2021 15:32:43.124 WARNING [localhost-startStop-1] org.apache.catalina.util.SessionIdGeneratorBase.createSecureRandom Creation of SecureRandom instance for session ID generation using [SHA1PRNG] took [140] milliseconds.
08-Dec-2021 15:32:43.194 INFO [localhost-startStop-1] org.apache.catalina.startup.HostConfig.deployDescriptor Deployment of deployment descriptor [C:\Users\Lenovo\Desktop\WEB\apache-tomcat-8.5.73\conf\Catalina\localhost\WEB4.xml] has finished in [1 879] ms
08-Dec-2021 15:32:43.194 INFO [localhost-startStop-1] org.apache.catalina.startup.HostConfig.deployDirectory Установка веб приложения в папку [C:\Users\Lenovo\Desktop\WEB\apache-tomcat-8.5.73\webapps\docs]
08-Dec-2021 15:32:43.314 INFO [localhost-startStop-1] org.apache.catalina.startup.HostConfig.deployDirectory Deployment of web application directory [C:\Users\Lenovo\Desktop\WEB\apache-tomcat-8.5.73\webapps\docs] has finished in [120] ms
08-Dec-2021 15:32:43.314 INFO [localhost-startStop-1] org.apache.catalina.startup.HostConfig.deployDirectory Установка веб приложения в папку [C:\Users\Lenovo\Desktop\WEB\apache-tomcat-8.5.73\webapps\examples]
08-Dec-2021 15:32:44.744 INFO [localhost-startStop-1] org.apache.catalina.startup.HostConfig.deployDirectory Deployment of web application directory [C:\Users\Lenovo\Desktop\WEB\apache-tomcat-8.5.73\webapps\examples] has finished in [1 430] ms
08-Dec-2021 15:32:44.744 INFO [localhost-startStop-1] org.apache.catalina.startup.HostConfig.deployDirectory Установка веб приложения в папку [C:\Users\Lenovo\Desktop\WEB\apache-tomcat-8.5.73\webapps\host-manager]
08-Dec-2021 15:32:44.914 INFO [localhost-startStop-1] org.apache.catalina.startup.HostConfig.deployDirectory Deployment of web application directory [C:\Users\Lenovo\Desktop\WEB\apache-tomcat-8.5.73\webapps\host-manager] has finished in [170] ms
08-Dec-2021 15:32:44.914 INFO [localhost-startStop-1] org.apache.catalina.startup.HostConfig.deployDirectory Установка веб приложения в папку [C:\Users\Lenovo\Desktop\WEB\apache-tomcat-8.5.73\webapps\manager]
08-Dec-2021 15:32:45.074 INFO [localhost-startStop-1] org.apache.catalina.startup.HostConfig.deployDirectory Deployment of web application directory [C:\Users\Lenovo\Desktop\WEB\apache-tomcat-8.5.73\webapps\manager] has finished in [160] ms
08-Dec-2021 15:32:45.074 INFO [localhost-startStop-1] org.apache.catalina.startup.HostConfig.deployDirectory Установка веб приложения в папку [C:\Users\Lenovo\Desktop\WEB\apache-tomcat-8.5.73\webapps\ROOT]
08-Dec-2021 15:32:45.134 INFO [localhost-startStop-1] org.apache.catalina.startup.HostConfig.deployDirectory Deployment of web application directory [C:\Users\Lenovo\Desktop\WEB\apache-tomcat-8.5.73\webapps\ROOT] has finished in [60] ms
08-Dec-2021 15:32:45.144 INFO [main] org.apache.coyote.AbstractProtocol.start Starting ProtocolHandler ["http-nio-8080"]
08-Dec-2021 15:32:45.184 INFO [main] org.apache.catalina.startup.Catalina.start Server startup in 4056 ms
08-Dec-2021 15:32:48.454 INFO [http-nio-8080-exec-2] org.apache.catalina.startup.HostConfig.undeploy Undeploying context [/WEB4]
08-Dec-2021 15:32:48.484 INFO [http-nio-8080-exec-7] org.apache.catalina.startup.HostConfig.deployDescriptor Deploying deployment descriptor [C:\Users\Lenovo\Desktop\WEB\apache-tomcat-8.5.73\conf\Catalina\localhost\WEB4.xml]
08-Dec-2021 15:32:48.954 INFO [http-nio-8080-exec-7] org.apache.jasper.servlet.TldScanner.scanJars At least one JAR was scanned for TLDs yet contained no TLDs. Enable debug logging for this logger for a complete list of JARs that were scanned but no TLDs were found in them. Skipping unneeded JARs during scanning can improve startup time and JSP compilation time.
08-Dec-2021 15:32:48.984 INFO [http-nio-8080-exec-7] org.apache.catalina.startup.HostConfig.deployDescriptor Deployment of deployment descriptor [C:\Users\Lenovo\Desktop\WEB\apache-tomcat-8.5.73\conf\Catalina\localhost\WEB4.xml] has finished in [500] ms
08-Dec-2021 15:32:48.984 INFO [http-nio-8080-exec-5] org.apache.catalina.util.LifecycleBase.start The start() method was called on component [StandardEngine[Catalina].StandardHost[localhost].StandardContext[/WEB4]] after start() had already been called. The second call will be ignored.
08-Dec-2021 15:32:50.674 INFO [http-nio-8080-exec-5] org.apache.catalina.startup.HostConfig.undeploy Undeploying context [/WEB4]
08-Dec-2021 15:32:50.684 INFO [http-nio-8080-exec-3] org.apache.catalina.startup.HostConfig.deployDescriptor Deploying deployment descriptor [C:\Users\Lenovo\Desktop\WEB\apache-tomcat-8.5.73\conf\Catalina\localhost\WEB4.xml]
08-Dec-2021 15:32:51.144 INFO [http-nio-8080-exec-3] org.apache.jasper.servlet.TldScanner.scanJars At least one JAR was scanned for TLDs yet contained no TLDs. Enable debug logging for this logger for a complete list of JARs that were scanned but no TLDs were found in them. Skipping unneeded JARs during scanning can improve startup time and JSP compilation time.
08-Dec-2021 15:32:51.164 INFO [http-nio-8080-exec-3] org.apache.catalina.startup.HostConfig.deployDescriptor Deployment of deployment descriptor [C:\Users\Lenovo\Desktop\WEB\apache-tomcat-8.5.73\conf\Catalina\localhost\WEB4.xml] has finished in [480] ms
08-Dec-2021 15:32:51.164 INFO [http-nio-8080-exec-8] org.apache.catalina.util.LifecycleBase.start The start() method was called on component [StandardEngine[Catalina].StandardHost[localhost].StandardContext[/WEB4]] after start() had already been called. The second call will be ignored.
08-Dec-2021 15:33:36.673 INFO [main] org.apache.catalina.core.StandardServer.await A valid shutdown command was received via the shutdown port. Stopping the Server instance.
08-Dec-2021 15:33:36.673 INFO [main] org.apache.coyote.AbstractProtocol.pause Pausing ProtocolHandler ["http-nio-8080"]
08-Dec-2021 15:33:37.008 INFO [main] org.apache.catalina.core.StandardService.stopInternal Stopping service [Catalina]
08-Dec-2021 15:33:37.028 INFO [main] org.apache.coyote.AbstractProtocol.stop Stopping ProtocolHandler ["http-nio-8080"]
08-Dec-2021 15:33:37.028 INFO [main] org.apache.coyote.AbstractProtocol.destroy Destroying ProtocolHandler ["http-nio-8080"]
