05-Dec-2021 01:00:31.543 INFO [http-nio-8080-exec-4] org.apache.catalina.core.ApplicationContext.log Manager: init: Associated with Deployer 'Catalina:type=Deployer,host=localhost'
05-Dec-2021 01:00:31.543 INFO [http-nio-8080-exec-4] org.apache.catalina.core.ApplicationContext.log Manager: init: Global resources are available
05-Dec-2021 01:00:31.563 INFO [http-nio-8080-exec-6] org.apache.catalina.core.ApplicationContext.log Manager: list: Listing contexts for virtual host 'localhost'
05-Dec-2021 01:00:34.583 INFO [http-nio-8080-exec-1] org.apache.catalina.core.ApplicationContext.log Manager: list: Listing contexts for virtual host 'localhost'
05-Dec-2021 01:00:34.592 INFO [http-nio-8080-exec-2] org.apache.catalina.core.ApplicationContext.log Manager: install: Installing context configuration at 'file:/C:/Users/Lenovo/AppData/Local/Temp/context10973295003667784952.xml'
05-Dec-2021 01:00:34.782 INFO [http-nio-8080-exec-3] org.apache.catalina.core.ApplicationContext.log Manager: start: Starting web application '/WEB4'
05-Dec-2021 01:00:35.012 INFO [http-nio-8080-exec-4] org.apache.catalina.core.ApplicationContext.log Manager: list: Listing contexts for virtual host 'localhost'
05-Dec-2021 01:00:35.012 INFO [http-nio-8080-exec-9] org.apache.catalina.core.ApplicationContext.log Manager: list: Listing contexts for virtual host 'localhost'
05-Dec-2021 01:00:35.022 INFO [http-nio-8080-exec-3] org.apache.catalina.core.ApplicationContext.log Manager: undeploy: Undeploying web application at '/WEB4'
05-Dec-2021 01:00:35.585 INFO [http-nio-8080-exec-7] org.apache.catalina.core.ApplicationContext.log Manager: install: Installing context configuration at 'file:/C:/Users/Lenovo/AppData/Local/Temp/context11611549568531367303.xml'
05-Dec-2021 01:00:36.004 INFO [http-nio-8080-exec-6] org.apache.catalina.core.ApplicationContext.log Manager: start: Starting web application '/WEB4'
05-Dec-2021 01:01:22.760 INFO [http-nio-8080-exec-13] org.apache.catalina.core.ApplicationContext.log Manager: list: Listing contexts for virtual host 'localhost'
05-Dec-2021 01:01:22.760 INFO [http-nio-8080-exec-11] org.apache.catalina.core.ApplicationContext.log Manager: list: Listing contexts for virtual host 'localhost'
05-Dec-2021 01:01:22.770 INFO [http-nio-8080-exec-17] org.apache.catalina.core.ApplicationContext.log Manager: undeploy: Undeploying web application at '/WEB4'
05-Dec-2021 01:01:23.280 INFO [http-nio-8080-exec-11] org.apache.catalina.core.ApplicationContext.log Manager: install: Installing context configuration at 'file:/C:/Users/Lenovo/AppData/Local/Temp/context17489243681356444724.xml'
05-Dec-2021 01:01:23.510 INFO [http-nio-8080-exec-14] org.apache.catalina.core.ApplicationContext.log Manager: start: Starting web application '/WEB4'
05-Dec-2021 01:01:23.560 INFO [http-nio-8080-exec-18] org.apache.catalina.core.ApplicationContext.log Manager: list: Listing contexts for virtual host 'localhost'
05-Dec-2021 01:01:23.560 INFO [http-nio-8080-exec-6] org.apache.catalina.core.ApplicationContext.log Manager: list: Listing contexts for virtual host 'localhost'
05-Dec-2021 01:01:23.570 INFO [http-nio-8080-exec-14] org.apache.catalina.core.ApplicationContext.log Manager: undeploy: Undeploying web application at '/WEB4'
05-Dec-2021 01:01:24.090 INFO [http-nio-8080-exec-11] org.apache.catalina.core.ApplicationContext.log Manager: install: Installing context configuration at 'file:/C:/Users/Lenovo/AppData/Local/Temp/context18401258013819978031.xml'
05-Dec-2021 01:01:24.220 INFO [http-nio-8080-exec-18] org.apache.catalina.core.ApplicationContext.log Manager: start: Starting web application '/WEB4'
05-Dec-2021 15:09:51.984 INFO [http-nio-8080-exec-5] org.apache.catalina.core.ApplicationContext.log Manager: init: Associated with Deployer 'Catalina:type=Deployer,host=localhost'
05-Dec-2021 15:09:51.984 INFO [http-nio-8080-exec-5] org.apache.catalina.core.ApplicationContext.log Manager: init: Global resources are available
05-Dec-2021 15:09:52.154 INFO [http-nio-8080-exec-1] org.apache.catalina.core.ApplicationContext.log Manager: list: Listing contexts for virtual host 'localhost'
05-Dec-2021 15:09:52.174 INFO [http-nio-8080-exec-10] org.apache.catalina.core.ApplicationContext.log Manager: list: Listing contexts for virtual host 'localhost'
05-Dec-2021 15:09:52.214 INFO [http-nio-8080-exec-2] org.apache.catalina.core.ApplicationContext.log Manager: undeploy: Undeploying web application at '/WEB4'
05-Dec-2021 15:09:52.805 INFO [http-nio-8080-exec-10] org.apache.catalina.core.ApplicationContext.log Manager: install: Installing context configuration at 'file:/C:/Users/Lenovo/AppData/Local/Temp/context4986945120342397415.xml'
05-Dec-2021 15:09:52.954 INFO [http-nio-8080-exec-8] org.apache.catalina.core.ApplicationContext.log Manager: start: Starting web application '/WEB4'
05-Dec-2021 15:13:52.399 INFO [http-nio-8080-exec-11] org.apache.catalina.core.ApplicationContext.log Manager: list: Listing contexts for virtual host 'localhost'
05-Dec-2021 15:13:52.409 INFO [http-nio-8080-exec-15] org.apache.catalina.core.ApplicationContext.log Manager: list: Listing contexts for virtual host 'localhost'
05-Dec-2021 15:13:52.419 INFO [http-nio-8080-exec-18] org.apache.catalina.core.ApplicationContext.log Manager: undeploy: Undeploying web application at '/WEB4'
05-Dec-2021 15:13:52.929 INFO [http-nio-8080-exec-15] org.apache.catalina.core.ApplicationContext.log Manager: install: Installing context configuration at 'file:/C:/Users/Lenovo/AppData/Local/Temp/context2364472977147440322.xml'
05-Dec-2021 15:13:53.059 INFO [http-nio-8080-exec-12] org.apache.catalina.core.ApplicationContext.log Manager: start: Starting web application '/WEB4'
05-Dec-2021 15:17:41.542 INFO [http-nio-8080-exec-21] org.apache.catalina.core.ApplicationContext.log Manager: list: Listing contexts for virtual host 'localhost'
05-Dec-2021 15:17:41.552 INFO [http-nio-8080-exec-26] org.apache.catalina.core.ApplicationContext.log Manager: list: Listing contexts for virtual host 'localhost'
05-Dec-2021 15:17:41.552 INFO [http-nio-8080-exec-29] org.apache.catalina.core.ApplicationContext.log Manager: undeploy: Undeploying web application at '/WEB4'
05-Dec-2021 15:17:42.081 INFO [http-nio-8080-exec-27] org.apache.catalina.core.ApplicationContext.log Manager: install: Installing context configuration at 'file:/C:/Users/Lenovo/AppData/Local/Temp/context7850520107747615558.xml'
05-Dec-2021 15:17:42.221 INFO [http-nio-8080-exec-15] org.apache.catalina.core.ApplicationContext.log Manager: start: Starting web application '/WEB4'
05-Dec-2021 15:21:15.405 INFO [http-nio-8080-exec-30] org.apache.catalina.core.ApplicationContext.log Manager: list: Listing contexts for virtual host 'localhost'
05-Dec-2021 15:21:15.405 INFO [http-nio-8080-exec-34] org.apache.catalina.core.ApplicationContext.log Manager: list: Listing contexts for virtual host 'localhost'
05-Dec-2021 15:21:15.415 INFO [http-nio-8080-exec-15] org.apache.catalina.core.ApplicationContext.log Manager: undeploy: Undeploying web application at '/WEB4'
05-Dec-2021 15:21:15.945 INFO [http-nio-8080-exec-30] org.apache.catalina.core.ApplicationContext.log Manager: install: Installing context configuration at 'file:/C:/Users/Lenovo/AppData/Local/Temp/context9738436815265213676.xml'
05-Dec-2021 15:21:16.065 INFO [http-nio-8080-exec-38] org.apache.catalina.core.ApplicationContext.log Manager: start: Starting web application '/WEB4'
05-Dec-2021 15:24:48.517 INFO [http-nio-8080-exec-40] org.apache.catalina.core.ApplicationContext.log Manager: list: Listing contexts for virtual host 'localhost'
05-Dec-2021 15:24:48.517 INFO [http-nio-8080-exec-44] org.apache.catalina.core.ApplicationContext.log Manager: list: Listing contexts for virtual host 'localhost'
05-Dec-2021 15:24:48.527 INFO [http-nio-8080-exec-47] org.apache.catalina.core.ApplicationContext.log Manager: undeploy: Undeploying web application at '/WEB4'
05-Dec-2021 15:24:49.547 INFO [http-nio-8080-exec-46] org.apache.catalina.core.ApplicationContext.log Manager: install: Installing context configuration at 'file:/C:/Users/Lenovo/AppData/Local/Temp/context17050323314648787028.xml'
05-Dec-2021 15:24:49.667 INFO [http-nio-8080-exec-43] org.apache.catalina.core.ApplicationContext.log Manager: start: Starting web application '/WEB4'
05-Dec-2021 15:31:43.467 INFO [http-nio-8080-exec-49] org.apache.catalina.core.ApplicationContext.log Manager: list: Listing contexts for virtual host 'localhost'
05-Dec-2021 15:31:43.467 INFO [http-nio-8080-exec-53] org.apache.catalina.core.ApplicationContext.log Manager: list: Listing contexts for virtual host 'localhost'
05-Dec-2021 15:31:43.477 INFO [http-nio-8080-exec-57] org.apache.catalina.core.ApplicationContext.log Manager: undeploy: Undeploying web application at '/WEB4'
05-Dec-2021 15:31:44.007 INFO [http-nio-8080-exec-58] org.apache.catalina.core.ApplicationContext.log Manager: install: Installing context configuration at 'file:/C:/Users/Lenovo/AppData/Local/Temp/context1353686013831085634.xml'
05-Dec-2021 15:31:44.117 INFO [http-nio-8080-exec-52] org.apache.catalina.core.ApplicationContext.log Manager: start: Starting web application '/WEB4'
05-Dec-2021 15:32:38.882 INFO [http-nio-8080-exec-63] org.apache.catalina.core.ApplicationContext.log Manager: list: Listing contexts for virtual host 'localhost'
05-Dec-2021 15:32:38.882 INFO [http-nio-8080-exec-50] org.apache.catalina.core.ApplicationContext.log Manager: list: Listing contexts for virtual host 'localhost'
05-Dec-2021 15:32:38.892 INFO [http-nio-8080-exec-62] org.apache.catalina.core.ApplicationContext.log Manager: undeploy: Undeploying web application at '/WEB4'
05-Dec-2021 15:32:39.413 INFO [http-nio-8080-exec-60] org.apache.catalina.core.ApplicationContext.log Manager: install: Installing context configuration at 'file:/C:/Users/Lenovo/AppData/Local/Temp/context10711027166283248387.xml'
05-Dec-2021 15:32:39.532 INFO [http-nio-8080-exec-52] org.apache.catalina.core.ApplicationContext.log Manager: start: Starting web application '/WEB4'
05-Dec-2021 15:33:13.883 INFO [http-nio-8080-exec-67] org.apache.catalina.core.ApplicationContext.log Manager: list: Listing contexts for virtual host 'localhost'
05-Dec-2021 15:33:13.893 INFO [http-nio-8080-exec-64] org.apache.catalina.core.ApplicationContext.log Manager: list: Listing contexts for virtual host 'localhost'
05-Dec-2021 15:33:13.893 INFO [http-nio-8080-exec-65] org.apache.catalina.core.ApplicationContext.log Manager: undeploy: Undeploying web application at '/WEB4'
05-Dec-2021 15:33:14.413 INFO [http-nio-8080-exec-52] org.apache.catalina.core.ApplicationContext.log Manager: install: Installing context configuration at 'file:/C:/Users/Lenovo/AppData/Local/Temp/context6647303643974752370.xml'
05-Dec-2021 15:33:14.533 INFO [http-nio-8080-exec-66] org.apache.catalina.core.ApplicationContext.log Manager: start: Starting web application '/WEB4'
05-Dec-2021 15:33:26.592 INFO [http-nio-8080-exec-70] org.apache.catalina.core.ApplicationContext.log Manager: list: Listing contexts for virtual host 'localhost'
05-Dec-2021 15:33:26.602 INFO [http-nio-8080-exec-66] org.apache.catalina.core.ApplicationContext.log Manager: list: Listing contexts for virtual host 'localhost'
05-Dec-2021 15:33:26.602 INFO [http-nio-8080-exec-69] org.apache.catalina.core.ApplicationContext.log Manager: undeploy: Undeploying web application at '/WEB4'
05-Dec-2021 15:33:27.132 INFO [http-nio-8080-exec-60] org.apache.catalina.core.ApplicationContext.log Manager: install: Installing context configuration at 'file:/C:/Users/Lenovo/AppData/Local/Temp/context8637536564284934481.xml'
05-Dec-2021 15:33:27.242 INFO [http-nio-8080-exec-70] org.apache.catalina.core.ApplicationContext.log Manager: start: Starting web application '/WEB4'
05-Dec-2021 15:34:35.220 INFO [http-nio-8080-exec-71] org.apache.catalina.core.ApplicationContext.log Manager: list: Listing contexts for virtual host 'localhost'
05-Dec-2021 15:34:35.220 INFO [http-nio-8080-exec-69] org.apache.catalina.core.ApplicationContext.log Manager: list: Listing contexts for virtual host 'localhost'
05-Dec-2021 15:34:35.230 INFO [http-nio-8080-exec-75] org.apache.catalina.core.ApplicationContext.log Manager: undeploy: Undeploying web application at '/WEB4'
05-Dec-2021 15:34:35.740 INFO [http-nio-8080-exec-70] org.apache.catalina.core.ApplicationContext.log Manager: install: Installing context configuration at 'file:/C:/Users/Lenovo/AppData/Local/Temp/context10897759681423138133.xml'
05-Dec-2021 15:34:35.850 INFO [http-nio-8080-exec-71] org.apache.catalina.core.ApplicationContext.log Manager: start: Starting web application '/WEB4'
05-Dec-2021 15:35:25.142 INFO [http-nio-8080-exec-80] org.apache.catalina.core.ApplicationContext.log Manager: list: Listing contexts for virtual host 'localhost'
05-Dec-2021 15:35:25.142 INFO [http-nio-8080-exec-74] org.apache.catalina.core.ApplicationContext.log Manager: list: Listing contexts for virtual host 'localhost'
05-Dec-2021 15:35:25.152 INFO [http-nio-8080-exec-78] org.apache.catalina.core.ApplicationContext.log Manager: undeploy: Undeploying web application at '/WEB4'
05-Dec-2021 15:35:25.672 INFO [http-nio-8080-exec-80] org.apache.catalina.core.ApplicationContext.log Manager: install: Installing context configuration at 'file:/C:/Users/Lenovo/AppData/Local/Temp/context12423668284054328703.xml'
05-Dec-2021 15:35:25.782 INFO [http-nio-8080-exec-79] org.apache.catalina.core.ApplicationContext.log Manager: start: Starting web application '/WEB4'
05-Dec-2021 15:37:37.222 INFO [http-nio-8080-exec-81] org.apache.catalina.core.ApplicationContext.log Manager: list: Listing contexts for virtual host 'localhost'
05-Dec-2021 15:37:37.232 INFO [http-nio-8080-exec-87] org.apache.catalina.core.ApplicationContext.log Manager: list: Listing contexts for virtual host 'localhost'
05-Dec-2021 15:37:37.232 INFO [http-nio-8080-exec-74] org.apache.catalina.core.ApplicationContext.log Manager: undeploy: Undeploying web application at '/WEB4'
05-Dec-2021 15:37:37.752 INFO [http-nio-8080-exec-80] org.apache.catalina.core.ApplicationContext.log Manager: install: Installing context configuration at 'file:/C:/Users/Lenovo/AppData/Local/Temp/context1195056094259252091.xml'
05-Dec-2021 15:37:37.952 INFO [http-nio-8080-exec-79] org.apache.catalina.core.ApplicationContext.log Manager: start: Starting web application '/WEB4'
05-Dec-2021 15:39:10.083 INFO [http-nio-8080-exec-93] org.apache.catalina.core.ApplicationContext.log Manager: list: Listing contexts for virtual host 'localhost'
05-Dec-2021 15:39:10.093 INFO [http-nio-8080-exec-85] org.apache.catalina.core.ApplicationContext.log Manager: list: Listing contexts for virtual host 'localhost'
05-Dec-2021 15:39:10.093 INFO [http-nio-8080-exec-92] org.apache.catalina.core.ApplicationContext.log Manager: undeploy: Undeploying web application at '/WEB4'
05-Dec-2021 15:39:11.125 INFO [http-nio-8080-exec-80] org.apache.catalina.core.ApplicationContext.log Manager: install: Installing context configuration at 'file:/C:/Users/Lenovo/AppData/Local/Temp/context15980620330272183904.xml'
05-Dec-2021 15:39:11.234 INFO [http-nio-8080-exec-79] org.apache.catalina.core.ApplicationContext.log Manager: start: Starting web application '/WEB4'
05-Dec-2021 15:39:59.057 INFO [http-nio-8080-exec-79] org.apache.catalina.core.ApplicationContext.log Manager: list: Listing contexts for virtual host 'localhost'
05-Dec-2021 15:39:59.067 INFO [http-nio-8080-exec-85] org.apache.catalina.core.ApplicationContext.log Manager: list: Listing contexts for virtual host 'localhost'
05-Dec-2021 15:39:59.077 INFO [http-nio-8080-exec-96] org.apache.catalina.core.ApplicationContext.log Manager: undeploy: Undeploying web application at '/WEB4'
05-Dec-2021 15:39:59.587 INFO [http-nio-8080-exec-82] org.apache.catalina.core.ApplicationContext.log Manager: install: Installing context configuration at 'file:/C:/Users/Lenovo/AppData/Local/Temp/context11394777002337864360.xml'
05-Dec-2021 15:39:59.687 INFO [http-nio-8080-exec-91] org.apache.catalina.core.ApplicationContext.log Manager: start: Starting web application '/WEB4'
05-Dec-2021 15:41:20.535 INFO [http-nio-8080-exec-101] org.apache.catalina.core.ApplicationContext.log Manager: list: Listing contexts for virtual host 'localhost'
05-Dec-2021 15:41:20.535 INFO [http-nio-8080-exec-91] org.apache.catalina.core.ApplicationContext.log Manager: list: Listing contexts for virtual host 'localhost'
05-Dec-2021 15:41:20.545 INFO [http-nio-8080-exec-95] org.apache.catalina.core.ApplicationContext.log Manager: undeploy: Undeploying web application at '/WEB4'
05-Dec-2021 15:41:21.065 INFO [http-nio-8080-exec-91] org.apache.catalina.core.ApplicationContext.log Manager: install: Installing context configuration at 'file:/C:/Users/Lenovo/AppData/Local/Temp/context13139661821310847640.xml'
05-Dec-2021 15:41:21.175 INFO [http-nio-8080-exec-102] org.apache.catalina.core.ApplicationContext.log Manager: start: Starting web application '/WEB4'
05-Dec-2021 15:43:25.701 INFO [http-nio-8080-exec-108] org.apache.catalina.core.ApplicationContext.log Manager: list: Listing contexts for virtual host 'localhost'
05-Dec-2021 15:43:25.701 INFO [http-nio-8080-exec-111] org.apache.catalina.core.ApplicationContext.log Manager: list: Listing contexts for virtual host 'localhost'
05-Dec-2021 15:43:25.711 INFO [http-nio-8080-exec-102] org.apache.catalina.core.ApplicationContext.log Manager: undeploy: Undeploying web application at '/WEB4'
05-Dec-2021 15:43:26.221 INFO [http-nio-8080-exec-110] org.apache.catalina.core.ApplicationContext.log Manager: install: Installing context configuration at 'file:/C:/Users/Lenovo/AppData/Local/Temp/context5343187714313100139.xml'
05-Dec-2021 15:43:26.321 INFO [http-nio-8080-exec-109] org.apache.catalina.core.ApplicationContext.log Manager: start: Starting web application '/WEB4'
05-Dec-2021 15:51:19.377 INFO [http-nio-8080-exec-115] org.apache.catalina.core.ApplicationContext.log Manager: list: Listing contexts for virtual host 'localhost'
05-Dec-2021 15:51:19.377 INFO [http-nio-8080-exec-119] org.apache.catalina.core.ApplicationContext.log Manager: list: Listing contexts for virtual host 'localhost'
05-Dec-2021 15:51:19.387 INFO [http-nio-8080-exec-122] org.apache.catalina.core.ApplicationContext.log Manager: undeploy: Undeploying web application at '/WEB4'
05-Dec-2021 15:51:19.897 INFO [http-nio-8080-exec-117] org.apache.catalina.core.ApplicationContext.log Manager: install: Installing context configuration at 'file:/C:/Users/Lenovo/AppData/Local/Temp/context5075145801525261524.xml'
05-Dec-2021 15:51:20.007 INFO [http-nio-8080-exec-120] org.apache.catalina.core.ApplicationContext.log Manager: start: Starting web application '/WEB4'
05-Dec-2021 15:52:19.104 INFO [http-nio-8080-exec-127] org.apache.catalina.core.ApplicationContext.log Manager: list: Listing contexts for virtual host 'localhost'
05-Dec-2021 15:52:19.104 INFO [http-nio-8080-exec-115] org.apache.catalina.core.ApplicationContext.log Manager: list: Listing contexts for virtual host 'localhost'
05-Dec-2021 15:52:19.114 INFO [http-nio-8080-exec-126] org.apache.catalina.core.ApplicationContext.log Manager: undeploy: Undeploying web application at '/WEB4'
05-Dec-2021 15:52:19.624 INFO [http-nio-8080-exec-118] org.apache.catalina.core.ApplicationContext.log Manager: install: Installing context configuration at 'file:/C:/Users/Lenovo/AppData/Local/Temp/context5727175134154029935.xml'
05-Dec-2021 15:52:19.726 INFO [http-nio-8080-exec-120] org.apache.catalina.core.ApplicationContext.log Manager: start: Starting web application '/WEB4'
05-Dec-2021 15:53:09.680 INFO [http-nio-8080-exec-120] org.apache.catalina.core.ApplicationContext.log Manager: list: Listing contexts for virtual host 'localhost'
05-Dec-2021 15:53:09.690 INFO [http-nio-8080-exec-115] org.apache.catalina.core.ApplicationContext.log Manager: list: Listing contexts for virtual host 'localhost'
05-Dec-2021 15:53:09.690 INFO [http-nio-8080-exec-129] org.apache.catalina.core.ApplicationContext.log Manager: undeploy: Undeploying web application at '/WEB4'
05-Dec-2021 15:53:10.213 INFO [http-nio-8080-exec-118] org.apache.catalina.core.ApplicationContext.log Manager: install: Installing context configuration at 'file:/C:/Users/Lenovo/AppData/Local/Temp/context9716727571886731450.xml'
05-Dec-2021 15:53:10.333 INFO [http-nio-8080-exec-120] org.apache.catalina.core.ApplicationContext.log Manager: start: Starting web application '/WEB4'
05-Dec-2021 15:54:11.384 INFO [http-nio-8080-exec-128] org.apache.catalina.core.ApplicationContext.log Manager: list: Listing contexts for virtual host 'localhost'
05-Dec-2021 15:54:11.394 INFO [http-nio-8080-exec-134] org.apache.catalina.core.ApplicationContext.log Manager: list: Listing contexts for virtual host 'localhost'
05-Dec-2021 15:54:11.404 INFO [http-nio-8080-exec-120] org.apache.catalina.core.ApplicationContext.log Manager: undeploy: Undeploying web application at '/WEB4'
05-Dec-2021 15:54:12.414 INFO [http-nio-8080-exec-135] org.apache.catalina.core.ApplicationContext.log Manager: install: Installing context configuration at 'file:/C:/Users/Lenovo/AppData/Local/Temp/context7759385789202038881.xml'
05-Dec-2021 15:54:12.524 INFO [http-nio-8080-exec-136] org.apache.catalina.core.ApplicationContext.log Manager: start: Starting web application '/WEB4'
05-Dec-2021 16:14:00.638 INFO [http-nio-8080-exec-138] org.apache.catalina.core.ApplicationContext.log Manager: list: Listing contexts for virtual host 'localhost'
05-Dec-2021 16:14:00.648 INFO [http-nio-8080-exec-141] org.apache.catalina.core.ApplicationContext.log Manager: list: Listing contexts for virtual host 'localhost'
05-Dec-2021 16:14:00.658 INFO [http-nio-8080-exec-146] org.apache.catalina.core.ApplicationContext.log Manager: undeploy: Undeploying web application at '/WEB4'
05-Dec-2021 16:14:01.188 INFO [http-nio-8080-exec-145] org.apache.catalina.core.ApplicationContext.log Manager: install: Installing context configuration at 'file:/C:/Users/Lenovo/AppData/Local/Temp/context18000604535605945981.xml'
05-Dec-2021 16:14:01.298 INFO [http-nio-8080-exec-138] org.apache.catalina.core.ApplicationContext.log Manager: start: Starting web application '/WEB4'
05-Dec-2021 16:14:56.291 INFO [http-nio-8080-exec-147] org.apache.catalina.core.ApplicationContext.log Manager: list: Listing contexts for virtual host 'localhost'
05-Dec-2021 16:14:56.291 INFO [http-nio-8080-exec-143] org.apache.catalina.core.ApplicationContext.log Manager: list: Listing contexts for virtual host 'localhost'
05-Dec-2021 16:14:56.301 INFO [http-nio-8080-exec-150] org.apache.catalina.core.ApplicationContext.log Manager: undeploy: Undeploying web application at '/WEB4'
05-Dec-2021 16:14:56.819 INFO [http-nio-8080-exec-148] org.apache.catalina.core.ApplicationContext.log Manager: install: Installing context configuration at 'file:/C:/Users/Lenovo/AppData/Local/Temp/context10477951439103142997.xml'
05-Dec-2021 16:14:56.929 INFO [http-nio-8080-exec-138] org.apache.catalina.core.ApplicationContext.log Manager: start: Starting web application '/WEB4'
05-Dec-2021 16:15:38.076 INFO [http-nio-8080-exec-148] org.apache.catalina.core.ApplicationContext.log Manager: list: Listing contexts for virtual host 'localhost'
05-Dec-2021 16:15:38.076 INFO [http-nio-8080-exec-147] org.apache.catalina.core.ApplicationContext.log Manager: list: Listing contexts for virtual host 'localhost'
05-Dec-2021 16:15:38.086 INFO [http-nio-8080-exec-154] org.apache.catalina.core.ApplicationContext.log Manager: undeploy: Undeploying web application at '/WEB4'
05-Dec-2021 16:15:38.602 INFO [http-nio-8080-exec-138] org.apache.catalina.core.ApplicationContext.log Manager: install: Installing context configuration at 'file:/C:/Users/Lenovo/AppData/Local/Temp/context4951688968758596207.xml'
05-Dec-2021 16:15:38.712 INFO [http-nio-8080-exec-147] org.apache.catalina.core.ApplicationContext.log Manager: start: Starting web application '/WEB4'
05-Dec-2021 16:16:18.760 INFO [http-nio-8080-exec-161] org.apache.catalina.core.ApplicationContext.log Manager: list: Listing contexts for virtual host 'localhost'
05-Dec-2021 16:16:18.760 INFO [http-nio-8080-exec-157] org.apache.catalina.core.ApplicationContext.log Manager: list: Listing contexts for virtual host 'localhost'
05-Dec-2021 16:16:18.770 INFO [http-nio-8080-exec-150] org.apache.catalina.core.ApplicationContext.log Manager: undeploy: Undeploying web application at '/WEB4'
05-Dec-2021 16:16:19.280 INFO [http-nio-8080-exec-138] org.apache.catalina.core.ApplicationContext.log Manager: install: Installing context configuration at 'file:/C:/Users/Lenovo/AppData/Local/Temp/context15295087400130097080.xml'
05-Dec-2021 16:16:19.740 INFO [http-nio-8080-exec-147] org.apache.catalina.core.ApplicationContext.log Manager: list: Listing contexts for virtual host 'localhost'
05-Dec-2021 16:16:19.740 INFO [http-nio-8080-exec-160] org.apache.catalina.core.ApplicationContext.log Manager: list: Listing contexts for virtual host 'localhost'
05-Dec-2021 16:16:19.750 INFO [http-nio-8080-exec-138] org.apache.catalina.core.ApplicationContext.log Manager: undeploy: Undeploying web application at '/WEB4'
05-Dec-2021 16:16:20.260 INFO [http-nio-8080-exec-157] org.apache.catalina.core.ApplicationContext.log Manager: install: Installing context configuration at 'file:/C:/Users/Lenovo/AppData/Local/Temp/context16703436490048501495.xml'
05-Dec-2021 16:16:34.291 INFO [http-nio-8080-exec-157] org.apache.catalina.core.ApplicationContext.log Manager: list: Listing contexts for virtual host 'localhost'
05-Dec-2021 16:16:34.291 INFO [http-nio-8080-exec-159] org.apache.catalina.core.ApplicationContext.log Manager: list: Listing contexts for virtual host 'localhost'
05-Dec-2021 16:16:34.301 INFO [http-nio-8080-exec-162] org.apache.catalina.core.ApplicationContext.log Manager: undeploy: Undeploying web application at '/WEB4'
05-Dec-2021 16:16:34.811 INFO [http-nio-8080-exec-154] org.apache.catalina.core.ApplicationContext.log Manager: install: Installing context configuration at 'file:/C:/Users/Lenovo/AppData/Local/Temp/context3148315484833884442.xml'
05-Dec-2021 16:16:35.091 INFO [http-nio-8080-exec-163] org.apache.catalina.core.ApplicationContext.log Manager: list: Listing contexts for virtual host 'localhost'
05-Dec-2021 16:16:35.091 INFO [http-nio-8080-exec-160] org.apache.catalina.core.ApplicationContext.log Manager: list: Listing contexts for virtual host 'localhost'
05-Dec-2021 16:16:35.101 INFO [http-nio-8080-exec-154] org.apache.catalina.core.ApplicationContext.log Manager: undeploy: Undeploying web application at '/WEB4'
05-Dec-2021 16:16:35.611 INFO [http-nio-8080-exec-162] org.apache.catalina.core.ApplicationContext.log Manager: install: Installing context configuration at 'file:/C:/Users/Lenovo/AppData/Local/Temp/context12841146470017076797.xml'
05-Dec-2021 16:16:58.661 INFO [http-nio-8080-exec-159] org.apache.catalina.core.ApplicationContext.log Manager: list: Listing contexts for virtual host 'localhost'
05-Dec-2021 16:16:58.671 INFO [http-nio-8080-exec-161] org.apache.catalina.core.ApplicationContext.log Manager: list: Listing contexts for virtual host 'localhost'
05-Dec-2021 16:16:58.671 INFO [http-nio-8080-exec-162] org.apache.catalina.core.ApplicationContext.log Manager: undeploy: Undeploying web application at '/WEB4'
05-Dec-2021 16:16:59.191 INFO [http-nio-8080-exec-160] org.apache.catalina.core.ApplicationContext.log Manager: install: Installing context configuration at 'file:/C:/Users/Lenovo/AppData/Local/Temp/context2478096921226300674.xml'
05-Dec-2021 16:16:59.291 INFO [http-nio-8080-exec-165] org.apache.catalina.core.ApplicationContext.log Manager: start: Starting web application '/WEB4'
05-Dec-2021 16:17:32.802 INFO [http-nio-8080-exec-165] org.apache.catalina.core.ApplicationContext.log Manager: list: Listing contexts for virtual host 'localhost'
05-Dec-2021 16:17:32.802 INFO [http-nio-8080-exec-164] org.apache.catalina.core.ApplicationContext.log Manager: list: Listing contexts for virtual host 'localhost'
05-Dec-2021 16:17:32.812 INFO [http-nio-8080-exec-170] org.apache.catalina.core.ApplicationContext.log Manager: undeploy: Undeploying web application at '/WEB4'
05-Dec-2021 16:17:33.322 INFO [http-nio-8080-exec-164] org.apache.catalina.core.ApplicationContext.log Manager: install: Installing context configuration at 'file:/C:/Users/Lenovo/AppData/Local/Temp/context17309473751256603273.xml'
05-Dec-2021 16:17:33.422 INFO [http-nio-8080-exec-167] org.apache.catalina.core.ApplicationContext.log Manager: start: Starting web application '/WEB4'
05-Dec-2021 16:19:41.374 INFO [http-nio-8080-exec-175] org.apache.catalina.core.ApplicationContext.log Manager: list: Listing contexts for virtual host 'localhost'
05-Dec-2021 16:19:41.384 INFO [http-nio-8080-exec-180] org.apache.catalina.core.ApplicationContext.log Manager: list: Listing contexts for virtual host 'localhost'
05-Dec-2021 16:19:41.394 INFO [http-nio-8080-exec-169] org.apache.catalina.core.ApplicationContext.log Manager: undeploy: Undeploying web application at '/WEB4'
05-Dec-2021 16:19:41.904 INFO [http-nio-8080-exec-179] org.apache.catalina.core.ApplicationContext.log Manager: install: Installing context configuration at 'file:/C:/Users/Lenovo/AppData/Local/Temp/context2088437175410235769.xml'
05-Dec-2021 16:19:42.004 INFO [http-nio-8080-exec-175] org.apache.catalina.core.ApplicationContext.log Manager: start: Starting web application '/WEB4'
05-Dec-2021 16:20:59.726 INFO [http-nio-8080-exec-185] org.apache.catalina.core.ApplicationContext.log Manager: list: Listing contexts for virtual host 'localhost'
05-Dec-2021 16:20:59.736 INFO [http-nio-8080-exec-169] org.apache.catalina.core.ApplicationContext.log Manager: list: Listing contexts for virtual host 'localhost'
05-Dec-2021 16:20:59.736 INFO [http-nio-8080-exec-180] org.apache.catalina.core.ApplicationContext.log Manager: undeploy: Undeploying web application at '/WEB4'
05-Dec-2021 16:21:00.256 INFO [http-nio-8080-exec-169] org.apache.catalina.core.ApplicationContext.log Manager: install: Installing context configuration at 'file:/C:/Users/Lenovo/AppData/Local/Temp/context17896332083518294942.xml'
05-Dec-2021 16:21:00.356 INFO [http-nio-8080-exec-183] org.apache.catalina.core.ApplicationContext.log Manager: start: Starting web application '/WEB4'
05-Dec-2021 16:44:25.798 INFO [http-nio-8080-exec-188] org.apache.catalina.core.ApplicationContext.log Manager: list: Listing contexts for virtual host 'localhost'
05-Dec-2021 16:44:25.808 INFO [http-nio-8080-exec-192] org.apache.catalina.core.ApplicationContext.log Manager: list: Listing contexts for virtual host 'localhost'
05-Dec-2021 16:44:25.818 INFO [http-nio-8080-exec-194] org.apache.catalina.core.ApplicationContext.log Manager: undeploy: Undeploying web application at '/WEB4'
05-Dec-2021 16:44:26.828 INFO [http-nio-8080-exec-191] org.apache.catalina.core.ApplicationContext.log Manager: install: Installing context configuration at 'file:/C:/Users/Lenovo/AppData/Local/Temp/context3521224868440330427.xml'
05-Dec-2021 16:44:26.938 INFO [http-nio-8080-exec-190] org.apache.catalina.core.ApplicationContext.log Manager: start: Starting web application '/WEB4'
05-Dec-2021 16:45:41.178 INFO [http-nio-8080-exec-199] org.apache.catalina.core.ApplicationContext.log Manager: list: Listing contexts for virtual host 'localhost'
05-Dec-2021 16:45:41.178 INFO [http-nio-8080-exec-196] org.apache.catalina.core.ApplicationContext.log Manager: list: Listing contexts for virtual host 'localhost'
05-Dec-2021 16:45:41.178 INFO [http-nio-8080-exec-203] org.apache.catalina.core.ApplicationContext.log Manager: undeploy: Undeploying web application at '/WEB4'
05-Dec-2021 16:45:41.708 INFO [http-nio-8080-exec-204] org.apache.catalina.core.ApplicationContext.log Manager: install: Installing context configuration at 'file:/C:/Users/Lenovo/AppData/Local/Temp/context17135740050433264629.xml'
05-Dec-2021 16:45:41.808 INFO [http-nio-8080-exec-197] org.apache.catalina.core.ApplicationContext.log Manager: start: Starting web application '/WEB4'
05-Dec-2021 16:50:55.918 INFO [http-nio-8080-exec-207] org.apache.catalina.core.ApplicationContext.log Manager: list: Listing contexts for virtual host 'localhost'
05-Dec-2021 16:50:55.928 INFO [http-nio-8080-exec-210] org.apache.catalina.core.ApplicationContext.log Manager: list: Listing contexts for virtual host 'localhost'
05-Dec-2021 16:50:55.928 INFO [http-nio-8080-exec-213] org.apache.catalina.core.ApplicationContext.log Manager: undeploy: Undeploying web application at '/WEB4'
05-Dec-2021 16:50:56.448 INFO [http-nio-8080-exec-205] org.apache.catalina.core.ApplicationContext.log Manager: install: Installing context configuration at 'file:/C:/Users/Lenovo/AppData/Local/Temp/context11236235582907305756.xml'
05-Dec-2021 16:50:56.538 INFO [http-nio-8080-exec-211] org.apache.catalina.core.ApplicationContext.log Manager: start: Starting web application '/WEB4'
05-Dec-2021 16:52:23.737 INFO [http-nio-8080-exec-216] org.apache.catalina.core.ApplicationContext.log Manager: list: Listing contexts for virtual host 'localhost'
05-Dec-2021 16:52:23.737 INFO [http-nio-8080-exec-219] org.apache.catalina.core.ApplicationContext.log Manager: list: Listing contexts for virtual host 'localhost'
05-Dec-2021 16:52:23.747 INFO [http-nio-8080-exec-221] org.apache.catalina.core.ApplicationContext.log Manager: undeploy: Undeploying web application at '/WEB4'
05-Dec-2021 16:52:24.257 INFO [http-nio-8080-exec-220] org.apache.catalina.core.ApplicationContext.log Manager: install: Installing context configuration at 'file:/C:/Users/Lenovo/AppData/Local/Temp/context2152217186477067035.xml'
05-Dec-2021 16:52:24.357 INFO [http-nio-8080-exec-209] org.apache.catalina.core.ApplicationContext.log Manager: start: Starting web application '/WEB4'
05-Dec-2021 16:55:49.902 INFO [http-nio-8080-exec-225] org.apache.catalina.core.ApplicationContext.log Manager: list: Listing contexts for virtual host 'localhost'
05-Dec-2021 16:55:49.902 INFO [http-nio-8080-exec-230] org.apache.catalina.core.ApplicationContext.log Manager: list: Listing contexts for virtual host 'localhost'
05-Dec-2021 16:55:49.912 INFO [http-nio-8080-exec-232] org.apache.catalina.core.ApplicationContext.log Manager: undeploy: Undeploying web application at '/WEB4'
05-Dec-2021 16:55:50.432 INFO [http-nio-8080-exec-226] org.apache.catalina.core.ApplicationContext.log Manager: install: Installing context configuration at 'file:/C:/Users/Lenovo/AppData/Local/Temp/context16297166406499806748.xml'
05-Dec-2021 16:55:50.540 INFO [http-nio-8080-exec-223] org.apache.catalina.core.ApplicationContext.log Manager: start: Starting web application '/WEB4'
05-Dec-2021 16:57:46.101 INFO [http-nio-8080-exec-235] org.apache.catalina.core.ApplicationContext.log Manager: list: Listing contexts for virtual host 'localhost'
05-Dec-2021 16:57:46.101 INFO [http-nio-8080-exec-242] org.apache.catalina.core.ApplicationContext.log Manager: list: Listing contexts for virtual host 'localhost'
05-Dec-2021 16:57:46.111 INFO [http-nio-8080-exec-240] org.apache.catalina.core.ApplicationContext.log Manager: undeploy: Undeploying web application at '/WEB4'
05-Dec-2021 16:57:46.621 INFO [http-nio-8080-exec-233] org.apache.catalina.core.ApplicationContext.log Manager: install: Installing context configuration at 'file:/C:/Users/Lenovo/AppData/Local/Temp/context18401457810753290631.xml'
05-Dec-2021 16:57:46.721 INFO [http-nio-8080-exec-238] org.apache.catalina.core.ApplicationContext.log Manager: start: Starting web application '/WEB4'
05-Dec-2021 16:58:49.218 INFO [http-nio-8080-exec-245] org.apache.catalina.core.ApplicationContext.log Manager: list: Listing contexts for virtual host 'localhost'
05-Dec-2021 16:58:49.228 INFO [http-nio-8080-exec-248] org.apache.catalina.core.ApplicationContext.log Manager: list: Listing contexts for virtual host 'localhost'
05-Dec-2021 16:58:49.238 INFO [http-nio-8080-exec-236] org.apache.catalina.core.ApplicationContext.log Manager: undeploy: Undeploying web application at '/WEB4'
05-Dec-2021 16:58:49.748 INFO [http-nio-8080-exec-238] org.apache.catalina.core.ApplicationContext.log Manager: install: Installing context configuration at 'file:/C:/Users/Lenovo/AppData/Local/Temp/context9626280277687846198.xml'
05-Dec-2021 16:58:49.838 INFO [http-nio-8080-exec-247] org.apache.catalina.core.ApplicationContext.log Manager: start: Starting web application '/WEB4'
05-Dec-2021 16:59:32.310 INFO [http-nio-8080-exec-250] org.apache.catalina.core.ApplicationContext.log Manager: list: Listing contexts for virtual host 'localhost'
05-Dec-2021 16:59:32.310 INFO [http-nio-8080-exec-252] org.apache.catalina.core.ApplicationContext.log Manager: list: Listing contexts for virtual host 'localhost'
05-Dec-2021 16:59:32.320 INFO [http-nio-8080-exec-254] org.apache.catalina.core.ApplicationContext.log Manager: undeploy: Undeploying web application at '/WEB4'
05-Dec-2021 16:59:32.839 INFO [http-nio-8080-exec-253] org.apache.catalina.core.ApplicationContext.log Manager: install: Installing context configuration at 'file:/C:/Users/Lenovo/AppData/Local/Temp/context178686838967388953.xml'
05-Dec-2021 16:59:32.929 INFO [http-nio-8080-exec-256] org.apache.catalina.core.ApplicationContext.log Manager: start: Starting web application '/WEB4'
05-Dec-2021 16:59:59.472 INFO [http-nio-8080-exec-256] org.apache.catalina.core.ApplicationContext.log Manager: list: Listing contexts for virtual host 'localhost'
05-Dec-2021 16:59:59.482 INFO [http-nio-8080-exec-259] org.apache.catalina.core.ApplicationContext.log Manager: list: Listing contexts for virtual host 'localhost'
05-Dec-2021 16:59:59.492 INFO [http-nio-8080-exec-260] org.apache.catalina.core.ApplicationContext.log Manager: undeploy: Undeploying web application at '/WEB4'
05-Dec-2021 17:00:00.012 INFO [http-nio-8080-exec-256] org.apache.catalina.core.ApplicationContext.log Manager: install: Installing context configuration at 'file:/C:/Users/Lenovo/AppData/Local/Temp/context7711621664154555930.xml'
05-Dec-2021 17:00:00.102 INFO [http-nio-8080-exec-262] org.apache.catalina.core.ApplicationContext.log Manager: start: Starting web application '/WEB4'
05-Dec-2021 17:00:41.348 INFO [http-nio-8080-exec-262] org.apache.catalina.core.ApplicationContext.log Manager: list: Listing contexts for virtual host 'localhost'
05-Dec-2021 17:00:41.358 INFO [http-nio-8080-exec-258] org.apache.catalina.core.ApplicationContext.log Manager: list: Listing contexts for virtual host 'localhost'
05-Dec-2021 17:00:41.358 INFO [http-nio-8080-exec-266] org.apache.catalina.core.ApplicationContext.log Manager: undeploy: Undeploying web application at '/WEB4'
05-Dec-2021 17:00:41.878 INFO [http-nio-8080-exec-256] org.apache.catalina.core.ApplicationContext.log Manager: install: Installing context configuration at 'file:/C:/Users/Lenovo/AppData/Local/Temp/context6064353190122735246.xml'
05-Dec-2021 17:00:41.988 INFO [http-nio-8080-exec-262] org.apache.catalina.core.ApplicationContext.log Manager: start: Starting web application '/WEB4'
05-Dec-2021 20:07:08.515 INFO [http-nio-8080-exec-5] org.apache.catalina.core.ApplicationContext.log Manager: init: Associated with Deployer 'Catalina:type=Deployer,host=localhost'
05-Dec-2021 20:07:08.515 INFO [http-nio-8080-exec-5] org.apache.catalina.core.ApplicationContext.log Manager: init: Global resources are available
05-Dec-2021 20:07:08.646 INFO [http-nio-8080-exec-2] org.apache.catalina.core.ApplicationContext.log Manager: list: Listing contexts for virtual host 'localhost'
05-Dec-2021 20:07:08.655 INFO [http-nio-8080-exec-10] org.apache.catalina.core.ApplicationContext.log Manager: list: Listing contexts for virtual host 'localhost'
05-Dec-2021 20:07:08.675 INFO [http-nio-8080-exec-1] org.apache.catalina.core.ApplicationContext.log Manager: undeploy: Undeploying web application at '/WEB4'
05-Dec-2021 20:07:09.315 INFO [http-nio-8080-exec-2] org.apache.catalina.core.ApplicationContext.log Manager: install: Installing context configuration at 'file:/C:/Users/Lenovo/AppData/Local/Temp/context1200263951093994962.xml'
05-Dec-2021 20:07:09.475 INFO [http-nio-8080-exec-10] org.apache.catalina.core.ApplicationContext.log Manager: start: Starting web application '/WEB4'
05-Dec-2021 20:10:53.056 INFO [http-nio-8080-exec-16] org.apache.catalina.core.ApplicationContext.log Manager: list: Listing contexts for virtual host 'localhost'
05-Dec-2021 20:10:53.066 INFO [http-nio-8080-exec-10] org.apache.catalina.core.ApplicationContext.log Manager: list: Listing contexts for virtual host 'localhost'
05-Dec-2021 20:10:53.076 INFO [http-nio-8080-exec-17] org.apache.catalina.core.ApplicationContext.log Manager: undeploy: Undeploying web application at '/WEB4'
05-Dec-2021 20:10:53.586 INFO [http-nio-8080-exec-14] org.apache.catalina.core.ApplicationContext.log Manager: install: Installing context configuration at 'file:/C:/Users/Lenovo/AppData/Local/Temp/context7003150229768884875.xml'
05-Dec-2021 20:10:53.707 INFO [http-nio-8080-exec-8] org.apache.catalina.core.ApplicationContext.log Manager: start: Starting web application '/WEB4'
05-Dec-2021 20:13:19.079 INFO [http-nio-8080-exec-23] org.apache.catalina.core.ApplicationContext.log Manager: list: Listing contexts for virtual host 'localhost'
05-Dec-2021 20:13:19.089 INFO [http-nio-8080-exec-28] org.apache.catalina.core.ApplicationContext.log Manager: list: Listing contexts for virtual host 'localhost'
05-Dec-2021 20:13:19.089 INFO [http-nio-8080-exec-29] org.apache.catalina.core.ApplicationContext.log Manager: undeploy: Undeploying web application at '/WEB4'
05-Dec-2021 20:13:19.609 INFO [http-nio-8080-exec-22] org.apache.catalina.core.ApplicationContext.log Manager: install: Installing context configuration at 'file:/C:/Users/Lenovo/AppData/Local/Temp/context15084959734842859982.xml'
05-Dec-2021 20:13:19.729 INFO [http-nio-8080-exec-27] org.apache.catalina.core.ApplicationContext.log Manager: start: Starting web application '/WEB4'
05-Dec-2021 20:14:08.292 INFO [http-nio-8080-exec-33] org.apache.catalina.core.ApplicationContext.log Manager: list: Listing contexts for virtual host 'localhost'
05-Dec-2021 20:14:08.292 INFO [http-nio-8080-exec-28] org.apache.catalina.core.ApplicationContext.log Manager: list: Listing contexts for virtual host 'localhost'
05-Dec-2021 20:14:08.302 INFO [http-nio-8080-exec-31] org.apache.catalina.core.ApplicationContext.log Manager: undeploy: Undeploying web application at '/WEB4'
05-Dec-2021 20:14:08.822 INFO [http-nio-8080-exec-37] org.apache.catalina.core.ApplicationContext.log Manager: install: Installing context configuration at 'file:/C:/Users/Lenovo/AppData/Local/Temp/context10208659691929855753.xml'
05-Dec-2021 20:14:08.932 INFO [http-nio-8080-exec-38] org.apache.catalina.core.ApplicationContext.log Manager: start: Starting web application '/WEB4'
05-Dec-2021 20:18:55.608 INFO [http-nio-8080-exec-41] org.apache.catalina.core.ApplicationContext.log Manager: list: Listing contexts for virtual host 'localhost'
05-Dec-2021 20:18:55.618 INFO [http-nio-8080-exec-44] org.apache.catalina.core.ApplicationContext.log Manager: list: Listing contexts for virtual host 'localhost'
05-Dec-2021 20:18:55.618 INFO [http-nio-8080-exec-47] org.apache.catalina.core.ApplicationContext.log Manager: undeploy: Undeploying web application at '/WEB4'
05-Dec-2021 20:18:56.138 INFO [http-nio-8080-exec-40] org.apache.catalina.core.ApplicationContext.log Manager: install: Installing context configuration at 'file:/C:/Users/Lenovo/AppData/Local/Temp/context8887697637933185806.xml'
05-Dec-2021 20:18:56.248 INFO [http-nio-8080-exec-46] org.apache.catalina.core.ApplicationContext.log Manager: start: Starting web application '/WEB4'
05-Dec-2021 20:39:08.839 INFO [http-nio-8080-exec-51] org.apache.catalina.core.ApplicationContext.log Manager: list: Listing contexts for virtual host 'localhost'
05-Dec-2021 20:39:08.849 INFO [http-nio-8080-exec-54] org.apache.catalina.core.ApplicationContext.log Manager: list: Listing contexts for virtual host 'localhost'
05-Dec-2021 20:39:08.849 INFO [http-nio-8080-exec-58] org.apache.catalina.core.ApplicationContext.log Manager: undeploy: Undeploying web application at '/WEB4'
05-Dec-2021 20:39:09.370 INFO [http-nio-8080-exec-54] org.apache.catalina.core.ApplicationContext.log Manager: install: Installing context configuration at 'file:/C:/Users/Lenovo/AppData/Local/Temp/context10889474300766619562.xml'
05-Dec-2021 20:39:09.490 INFO [http-nio-8080-exec-55] org.apache.catalina.core.ApplicationContext.log Manager: start: Starting web application '/WEB4'
05-Dec-2021 20:43:25.461 INFO [http-nio-8080-exec-61] org.apache.catalina.core.ApplicationContext.log Manager: list: Listing contexts for virtual host 'localhost'
05-Dec-2021 20:43:25.461 INFO [http-nio-8080-exec-64] org.apache.catalina.core.ApplicationContext.log Manager: list: Listing contexts for virtual host 'localhost'
05-Dec-2021 20:43:25.471 INFO [http-nio-8080-exec-67] org.apache.catalina.core.ApplicationContext.log Manager: undeploy: Undeploying web application at '/WEB4'
05-Dec-2021 20:43:25.991 INFO [http-nio-8080-exec-66] org.apache.catalina.core.ApplicationContext.log Manager: install: Installing context configuration at 'file:/C:/Users/Lenovo/AppData/Local/Temp/context18425195938056703694.xml'
05-Dec-2021 20:43:26.101 INFO [http-nio-8080-exec-61] org.apache.catalina.core.ApplicationContext.log Manager: start: Starting web application '/WEB4'
05-Dec-2021 20:46:40.186 INFO [http-nio-8080-exec-71] org.apache.catalina.core.ApplicationContext.log Manager: list: Listing contexts for virtual host 'localhost'
05-Dec-2021 20:46:40.196 INFO [http-nio-8080-exec-75] org.apache.catalina.core.ApplicationContext.log Manager: list: Listing contexts for virtual host 'localhost'
05-Dec-2021 20:46:40.206 INFO [http-nio-8080-exec-77] org.apache.catalina.core.ApplicationContext.log Manager: undeploy: Undeploying web application at '/WEB4'
05-Dec-2021 20:46:40.716 INFO [http-nio-8080-exec-74] org.apache.catalina.core.ApplicationContext.log Manager: install: Installing context configuration at 'file:/C:/Users/Lenovo/AppData/Local/Temp/context16370962054949849048.xml'
05-Dec-2021 20:46:40.836 INFO [http-nio-8080-exec-61] org.apache.catalina.core.ApplicationContext.log Manager: start: Starting web application '/WEB4'
05-Dec-2021 20:49:33.608 INFO [http-nio-8080-exec-80] org.apache.catalina.core.ApplicationContext.log Manager: list: Listing contexts for virtual host 'localhost'
05-Dec-2021 20:49:33.608 INFO [http-nio-8080-exec-77] org.apache.catalina.core.ApplicationContext.log Manager: list: Listing contexts for virtual host 'localhost'
05-Dec-2021 20:49:33.618 INFO [http-nio-8080-exec-74] org.apache.catalina.core.ApplicationContext.log Manager: undeploy: Undeploying web application at '/WEB4'
05-Dec-2021 20:49:34.138 INFO [http-nio-8080-exec-80] org.apache.catalina.core.ApplicationContext.log Manager: install: Installing context configuration at 'file:/C:/Users/Lenovo/AppData/Local/Temp/context16070746179388984743.xml'
05-Dec-2021 20:49:34.258 INFO [http-nio-8080-exec-79] org.apache.catalina.core.ApplicationContext.log Manager: start: Starting web application '/WEB4'
05-Dec-2021 20:58:40.929 INFO [http-nio-8080-exec-87] org.apache.catalina.core.ApplicationContext.log Manager: list: Listing contexts for virtual host 'localhost'
05-Dec-2021 20:58:40.939 INFO [http-nio-8080-exec-90] org.apache.catalina.core.ApplicationContext.log Manager: list: Listing contexts for virtual host 'localhost'
05-Dec-2021 20:58:40.939 INFO [http-nio-8080-exec-93] org.apache.catalina.core.ApplicationContext.log Manager: undeploy: Undeploying web application at '/WEB4'
05-Dec-2021 20:58:41.459 INFO [http-nio-8080-exec-94] org.apache.catalina.core.ApplicationContext.log Manager: install: Installing context configuration at 'file:/C:/Users/Lenovo/AppData/Local/Temp/context8912142050739315268.xml'
05-Dec-2021 20:58:41.579 INFO [http-nio-8080-exec-85] org.apache.catalina.core.ApplicationContext.log Manager: start: Starting web application '/WEB4'
05-Dec-2021 20:59:30.041 INFO [http-nio-8080-exec-88] org.apache.catalina.core.ApplicationContext.log Manager: list: Listing contexts for virtual host 'localhost'
05-Dec-2021 20:59:30.041 INFO [http-nio-8080-exec-85] org.apache.catalina.core.ApplicationContext.log Manager: list: Listing contexts for virtual host 'localhost'
05-Dec-2021 20:59:30.051 INFO [http-nio-8080-exec-97] org.apache.catalina.core.ApplicationContext.log Manager: undeploy: Undeploying web application at '/WEB4'
05-Dec-2021 20:59:30.561 INFO [http-nio-8080-exec-85] org.apache.catalina.core.ApplicationContext.log Manager: install: Installing context configuration at 'file:/C:/Users/Lenovo/AppData/Local/Temp/context1204721863339123970.xml'
05-Dec-2021 20:59:30.671 INFO [http-nio-8080-exec-96] org.apache.catalina.core.ApplicationContext.log Manager: start: Starting web application '/WEB4'
05-Dec-2021 21:06:48.876 INFO [http-nio-8080-exec-102] org.apache.catalina.core.ApplicationContext.log Manager: list: Listing contexts for virtual host 'localhost'
05-Dec-2021 21:06:48.916 INFO [http-nio-8080-exec-105] org.apache.catalina.core.ApplicationContext.log Manager: list: Listing contexts for virtual host 'localhost'
05-Dec-2021 21:06:48.926 INFO [http-nio-8080-exec-108] org.apache.catalina.core.ApplicationContext.log Manager: undeploy: Undeploying web application at '/WEB4'
05-Dec-2021 21:06:49.946 INFO [http-nio-8080-exec-100] org.apache.catalina.core.ApplicationContext.log Manager: install: Installing context configuration at 'file:/C:/Users/Lenovo/AppData/Local/Temp/context4704597779120740630.xml'
05-Dec-2021 21:06:50.056 INFO [http-nio-8080-exec-101] org.apache.catalina.core.ApplicationContext.log Manager: start: Starting web application '/WEB4'
05-Dec-2021 21:07:23.716 INFO [http-nio-8080-exec-110] org.apache.catalina.core.ApplicationContext.log Manager: list: Listing contexts for virtual host 'localhost'
05-Dec-2021 21:07:23.726 INFO [http-nio-8080-exec-112] org.apache.catalina.core.ApplicationContext.log Manager: list: Listing contexts for virtual host 'localhost'
05-Dec-2021 21:07:23.736 INFO [http-nio-8080-exec-113] org.apache.catalina.core.ApplicationContext.log Manager: undeploy: Undeploying web application at '/WEB4'
05-Dec-2021 21:07:24.246 INFO [http-nio-8080-exec-114] org.apache.catalina.core.ApplicationContext.log Manager: install: Installing context configuration at 'file:/C:/Users/Lenovo/AppData/Local/Temp/context11633767642477140480.xml'
05-Dec-2021 21:07:24.456 INFO [http-nio-8080-exec-112] org.apache.catalina.core.ApplicationContext.log Manager: start: Starting web application '/WEB4'
05-Dec-2021 22:42:21.690 INFO [http-nio-8080-exec-4] org.apache.catalina.core.ApplicationContext.log Manager: init: Associated with Deployer 'Catalina:type=Deployer,host=localhost'
05-Dec-2021 22:42:21.690 INFO [http-nio-8080-exec-4] org.apache.catalina.core.ApplicationContext.log Manager: init: Global resources are available
05-Dec-2021 22:42:21.810 INFO [http-nio-8080-exec-9] org.apache.catalina.core.ApplicationContext.log Manager: list: Listing contexts for virtual host 'localhost'
05-Dec-2021 22:42:21.810 INFO [http-nio-8080-exec-10] org.apache.catalina.core.ApplicationContext.log Manager: list: Listing contexts for virtual host 'localhost'
05-Dec-2021 22:42:21.890 INFO [http-nio-8080-exec-1] org.apache.catalina.core.ApplicationContext.log Manager: undeploy: Undeploying web application at '/WEB4'
05-Dec-2021 22:42:22.481 INFO [http-nio-8080-exec-2] org.apache.catalina.core.ApplicationContext.log Manager: install: Installing context configuration at 'file:/C:/Users/Lenovo/AppData/Local/Temp/context17855155048046276392.xml'
05-Dec-2021 22:42:22.640 INFO [http-nio-8080-exec-4] org.apache.catalina.core.ApplicationContext.log Manager: start: Starting web application '/WEB4'
05-Dec-2021 23:17:13.550 INFO [http-nio-8080-exec-4] org.apache.catalina.core.ApplicationContext.log Manager: init: Associated with Deployer 'Catalina:type=Deployer,host=localhost'
05-Dec-2021 23:17:13.550 INFO [http-nio-8080-exec-4] org.apache.catalina.core.ApplicationContext.log Manager: init: Global resources are available
05-Dec-2021 23:17:13.580 INFO [http-nio-8080-exec-9] org.apache.catalina.core.ApplicationContext.log Manager: list: Listing contexts for virtual host 'localhost'
05-Dec-2021 23:17:13.580 INFO [http-nio-8080-exec-10] org.apache.catalina.core.ApplicationContext.log Manager: list: Listing contexts for virtual host 'localhost'
05-Dec-2021 23:17:13.610 INFO [http-nio-8080-exec-1] org.apache.catalina.core.ApplicationContext.log Manager: undeploy: Undeploying web application at '/WEB4'
05-Dec-2021 23:17:14.147 INFO [http-nio-8080-exec-6] org.apache.catalina.core.ApplicationContext.log Manager: install: Installing context configuration at 'file:/C:/Users/Lenovo/AppData/Local/Temp/context8006915260849761644.xml'
05-Dec-2021 23:17:14.304 INFO [http-nio-8080-exec-10] org.apache.catalina.core.ApplicationContext.log Manager: start: Starting web application '/WEB4'
05-Dec-2021 23:20:08.439 INFO [http-nio-8080-exec-12] org.apache.catalina.core.ApplicationContext.log Manager: list: Listing contexts for virtual host 'localhost'
05-Dec-2021 23:20:08.449 INFO [http-nio-8080-exec-16] org.apache.catalina.core.ApplicationContext.log Manager: list: Listing contexts for virtual host 'localhost'
05-Dec-2021 23:20:08.459 INFO [http-nio-8080-exec-19] org.apache.catalina.core.ApplicationContext.log Manager: undeploy: Undeploying web application at '/WEB4'
05-Dec-2021 23:20:08.969 INFO [http-nio-8080-exec-18] org.apache.catalina.core.ApplicationContext.log Manager: install: Installing context configuration at 'file:/C:/Users/Lenovo/AppData/Local/Temp/context15875234168048573605.xml'
05-Dec-2021 23:20:09.109 INFO [http-nio-8080-exec-14] org.apache.catalina.core.ApplicationContext.log Manager: start: Starting web application '/WEB4'
05-Dec-2021 23:20:53.266 INFO [http-nio-8080-exec-17] org.apache.catalina.core.ApplicationContext.log Manager: list: Listing contexts for virtual host 'localhost'
05-Dec-2021 23:20:53.276 INFO [http-nio-8080-exec-14] org.apache.catalina.core.ApplicationContext.log Manager: list: Listing contexts for virtual host 'localhost'
05-Dec-2021 23:20:53.276 INFO [http-nio-8080-exec-12] org.apache.catalina.core.ApplicationContext.log Manager: undeploy: Undeploying web application at '/WEB4'
05-Dec-2021 23:20:53.796 INFO [http-nio-8080-exec-19] org.apache.catalina.core.ApplicationContext.log Manager: install: Installing context configuration at 'file:/C:/Users/Lenovo/AppData/Local/Temp/context10158682481033746395.xml'
05-Dec-2021 23:20:53.926 INFO [http-nio-8080-exec-18] org.apache.catalina.core.ApplicationContext.log Manager: start: Starting web application '/WEB4'
05-Dec-2021 23:21:41.163 INFO [http-nio-8080-exec-2] org.apache.catalina.core.ApplicationContext.log Manager: init: Associated with Deployer 'Catalina:type=Deployer,host=localhost'
05-Dec-2021 23:21:41.163 INFO [http-nio-8080-exec-2] org.apache.catalina.core.ApplicationContext.log Manager: init: Global resources are available
05-Dec-2021 23:21:46.158 INFO [http-nio-8080-exec-5] org.apache.catalina.core.ApplicationContext.log Manager: list: Listing contexts for virtual host 'localhost'
05-Dec-2021 23:21:46.158 INFO [http-nio-8080-exec-6] org.apache.catalina.core.ApplicationContext.log Manager: list: Listing contexts for virtual host 'localhost'
05-Dec-2021 23:21:46.168 INFO [http-nio-8080-exec-7] org.apache.catalina.core.ApplicationContext.log Manager: undeploy: Undeploying web application at '/WEB4'
05-Dec-2021 23:21:46.698 INFO [http-nio-8080-exec-10] org.apache.catalina.core.ApplicationContext.log Manager: install: Installing context configuration at 'file:/C:/Users/Lenovo/AppData/Local/Temp/context5167951461534496764.xml'
05-Dec-2021 23:21:46.898 INFO [http-nio-8080-exec-3] org.apache.catalina.core.ApplicationContext.log Manager: start: Starting web application '/WEB4'
05-Dec-2021 23:22:30.931 INFO [http-nio-8080-exec-10] org.apache.catalina.core.ApplicationContext.log Manager: list: Listing contexts for virtual host 'localhost'
05-Dec-2021 23:22:30.931 INFO [http-nio-8080-exec-3] org.apache.catalina.core.ApplicationContext.log Manager: list: Listing contexts for virtual host 'localhost'
05-Dec-2021 23:22:30.941 INFO [http-nio-8080-exec-6] org.apache.catalina.core.ApplicationContext.log Manager: undeploy: Undeploying web application at '/WEB4'
05-Dec-2021 23:22:31.491 INFO [http-nio-8080-exec-3] org.apache.catalina.core.ApplicationContext.log Manager: install: Installing context configuration at 'file:/C:/Users/Lenovo/AppData/Local/Temp/context2629800089141638873.xml'
05-Dec-2021 23:22:31.631 INFO [http-nio-8080-exec-11] org.apache.catalina.core.ApplicationContext.log Manager: list: Listing contexts for virtual host 'localhost'
05-Dec-2021 23:22:31.631 INFO [http-nio-8080-exec-15] org.apache.catalina.core.ApplicationContext.log Manager: list: Listing contexts for virtual host 'localhost'
05-Dec-2021 23:22:31.651 INFO [http-nio-8080-exec-14] org.apache.catalina.core.ApplicationContext.log Manager: install: Installing context configuration at 'file:/C:/Users/Lenovo/AppData/Local/Temp/context11591880302783818701.xml'
05-Dec-2021 23:23:30.486 INFO [http-nio-8080-exec-6] org.apache.catalina.core.ApplicationContext.log Manager: list: Listing contexts for virtual host 'localhost'
05-Dec-2021 23:23:30.486 INFO [http-nio-8080-exec-10] org.apache.catalina.core.ApplicationContext.log Manager: list: Listing contexts for virtual host 'localhost'
05-Dec-2021 23:23:30.496 INFO [http-nio-8080-exec-2] org.apache.catalina.core.ApplicationContext.log Manager: install: Installing context configuration at 'file:/C:/Users/Lenovo/AppData/Local/Temp/context10388966993990765280.xml'
05-Dec-2021 23:23:30.676 INFO [http-nio-8080-exec-11] org.apache.catalina.core.ApplicationContext.log Manager: start: Starting web application '/WEB4'
